<?xml version="1.0" encoding="UTF-8"?>
<robot generator="Robot 6.0.1 (Python 3.9.0 on win32)" generated="20241112 11:54:51.743" rpa="false" schemaversion="3">
<suite id="s1" name="Testes Cancell Card" source="C:\Users\user\OneDrive - Prime Control\Área de Trabalho\prodfin-processamento-agenda-testes-e2e-main\tests_cases\testes_cancell_card.robot">
<kw name="Definir payload padrão do endpoint" library="shared_keywords" type="SETUP">
<arg>BODY_PATH=${BODY_PATH}</arg>
<for flavor="IN">
<var>${key}</var>
<var>${value}</var>
<value>&amp;{kwargs}</value>
<iter>
<var name="${key}">BODY_PATH</var>
<var name="${value}">C:\Users\user\OneDrive - Prime Control\Área de Trabalho\prodfin-processamento-agenda-testes-e2e-main/resource/data/input/cancellation_POST_CARD.json</var>
<if>
<branch type="IF" condition="$key == &quot;BODY_PATH&quot;">
<kw name="Load Json From File" library="JSONLibrary">
<var>${BODY}</var>
<arg>${BODY_PATH}</arg>
<doc>Load JSON from file.</doc>
<msg timestamp="20241112 11:54:55.160" level="INFO">${BODY} = {'authorizationCode': '15f1a6d1f6d16', 'availableAmount': 1000, 'cancellationAmount': 500.53, 'cardNumber': '16151*16165', 'depositDate': '2024-09-19', 'merchantId': '777777777', 'metadata': [{'key': ...</msg>
<status status="PASS" starttime="20241112 11:54:55.156" endtime="20241112 11:54:55.161"/>
</kw>
<kw name="Set Suite Variable" library="BuiltIn">
<arg>${BODY}</arg>
<doc>Makes a variable available everywhere within the scope of the current suite.</doc>
<msg timestamp="20241112 11:54:55.162" level="INFO">${BODY} = {'authorizationCode': '15f1a6d1f6d16', 'availableAmount': 1000, 'cancellationAmount': 500.53, 'cardNumber': '16151*16165', 'depositDate': '2024-09-19', 'merchantId': '777777777', 'metadata': [{'key': ...</msg>
<status status="PASS" starttime="20241112 11:54:55.161" endtime="20241112 11:54:55.162"/>
</kw>
<status status="PASS" starttime="20241112 11:54:55.156" endtime="20241112 11:54:55.162"/>
</branch>
<branch type="ELSE">
<kw name="Set Suite Variable" library="BuiltIn">
<arg>${${key}}</arg>
<arg>${value}</arg>
<doc>Makes a variable available everywhere within the scope of the current suite.</doc>
<status status="NOT RUN" starttime="20241112 11:54:55.163" endtime="20241112 11:54:55.163"/>
</kw>
<status status="NOT RUN" starttime="20241112 11:54:55.162" endtime="20241112 11:54:55.163"/>
</branch>
<status status="PASS" starttime="20241112 11:54:55.144" endtime="20241112 11:54:55.163"/>
</if>
<status status="PASS" starttime="20241112 11:54:55.144" endtime="20241112 11:54:55.163"/>
</iter>
<status status="PASS" starttime="20241112 11:54:55.143" endtime="20241112 11:54:55.163"/>
</for>
<status status="PASS" starttime="20241112 11:54:55.140" endtime="20241112 11:54:55.164"/>
</kw>
<test id="s1-t1" name="TC1: Validar Cancelamento Enviando &quot;transactionType&quot; Vazio" line="11">
<kw name="Dado que altero o valor do campo transactionType do BODY para ${EMPTY}" library="shared_keywords" sourcename="que altero o valor do campo ${field} do ${payload_reference} para ${new_value}">
<if>
<branch type="IF" condition="$payload_reference == &quot;BODY&quot;">
<kw name="Update Value To Json" library="JSONLibrary">
<var>${new_variable}</var>
<arg>${${payload_reference}}</arg>
<arg>${field}</arg>
<arg>${new_value}</arg>
<doc>Update value to JSON using JSONPath</doc>
<msg timestamp="20241112 11:54:55.288" level="INFO">${new_variable} = {'authorizationCode': '15f1a6d1f6d16', 'availableAmount': 1000, 'cancellationAmount': 500.53, 'cardNumber': '16151*16165', 'depositDate': '2024-09-19', 'merchantId': '777777777', 'metadata': [{'key': ...</msg>
<status status="PASS" starttime="20241112 11:54:55.171" endtime="20241112 11:54:55.289"/>
</kw>
<status status="PASS" starttime="20241112 11:54:55.170" endtime="20241112 11:54:55.289"/>
</branch>
<branch type="ELSE IF" condition="$payload_reference == &quot;Path Parameter&quot;">
<kw name="Set Test Variable" library="BuiltIn">
<arg>${payload_reference}</arg>
<arg>${field}</arg>
<doc>Makes a variable available everywhere within the scope of the current test.</doc>
<status status="NOT RUN" starttime="20241112 11:54:55.289" endtime="20241112 11:54:55.289"/>
</kw>
<kw name="Set Test Variable" library="BuiltIn">
<arg>${new_variable}</arg>
<arg>${new_value}</arg>
<doc>Makes a variable available everywhere within the scope of the current test.</doc>
<status status="NOT RUN" starttime="20241112 11:54:55.290" endtime="20241112 11:54:55.290"/>
</kw>
<status status="NOT RUN" starttime="20241112 11:54:55.289" endtime="20241112 11:54:55.290"/>
</branch>
<branch type="ELSE">
<kw name="Set To Dictionary" library="Collections">
<var>${new_variable}</var>
<arg>${${payload_reference}}</arg>
<arg>${field}</arg>
<arg>${new_value}</arg>
<doc>Adds the given ``key_value_pairs`` and ``items`` to the ``dictionary``.</doc>
<status status="NOT RUN" starttime="20241112 11:54:55.290" endtime="20241112 11:54:55.291"/>
</kw>
<status status="NOT RUN" starttime="20241112 11:54:55.290" endtime="20241112 11:54:55.291"/>
</branch>
<status status="PASS" starttime="20241112 11:54:55.170" endtime="20241112 11:54:55.292"/>
</if>
<kw name="Set Test Variable" library="BuiltIn">
<arg>${${payload_reference}}</arg>
<arg>${new_variable}</arg>
<doc>Makes a variable available everywhere within the scope of the current test.</doc>
<msg timestamp="20241112 11:54:55.298" level="INFO">${BODY} = {'authorizationCode': '15f1a6d1f6d16', 'availableAmount': 1000, 'cancellationAmount': 500.53, 'cardNumber': '16151*16165', 'depositDate': '2024-09-19', 'merchantId': '777777777', 'metadata': [{'key': ...</msg>
<status status="PASS" starttime="20241112 11:54:55.292" endtime="20241112 11:54:55.298"/>
</kw>
<status status="PASS" starttime="20241112 11:54:55.166" endtime="20241112 11:54:55.298"/>
</kw>
<kw name="Quando que realizo a requisição do tipo POST para /cancellation" library="cancellation">
<doc>Keyword responsável por realizar a requisição do tipo POST para o endpoint /cancellation</doc>
<kw name="POST" library="RequestsLibrary">
<var>${RESPONSE}</var>
<arg>https://hcancelamento-transacao.produto-financeiro.grupoboticario.digital/cancellation</arg>
<arg>json=${BODY}</arg>
<arg>expected_status=any</arg>
<doc>Sends a POST request.</doc>
<msg timestamp="20241112 11:54:56.713" level="INFO">POST Request : url=https://hcancelamento-transacao.produto-financeiro.grupoboticario.digital/cancellation 
 path_url=/cancellation 
 headers={'User-Agent': 'python-requests/2.28.1', 'Accept-Encoding': 'gzip, deflate', 'Accept': '*/*', 'Connection': 'keep-alive', 'Content-Length': '561', 'Content-Type': 'application/json'} 
 body=b'{"authorizationCode": "15f1a6d1f6d16", "availableAmount": 1000, "cancellationAmount": 500.53, "cardNumber": "16151*16165", "depositDate": "2024-09-19", "merchantId": "777777777", "metadata": [{"key": "customer_id", "value": "123456"}, {"key": "outro_dado", "value": "4fda156f16ds"}], "nsu": "156165161615", "nsuHost": "16516516516", "provider": "CIELO", "saleId": "16516", "tid": "b3da3f31-9c0a-4da2-9b19-bc1ce4391f6c", "transactionAmount": 1245.67, "transactionDate": "2024-09-19", "transactionGroup": "165165", "transactionStatusId": 2, "transactionType": ""}' 
 </msg>
<msg timestamp="20241112 11:54:56.714" level="INFO">POST Response : url=https://hcancelamento-transacao.produto-financeiro.grupoboticario.digital/cancellation 
 status=400, reason= 
 headers={'Date': 'Tue, 12 Nov 2024 14:54:55 GMT', 'Content-Type': 'application/json', 'Transfer-Encoding': 'chunked', 'Connection': 'keep-alive'} 
 body={"timestamp":"2024-11-12T11:54:55.957Z","status":400,"error":"Bad Request","path":"/cancellation"} 
 </msg>
<msg timestamp="20241112 11:54:56.715" level="INFO">${RESPONSE} = &lt;Response [400]&gt;</msg>
<status status="PASS" starttime="20241112 11:54:55.310" endtime="20241112 11:54:56.715"/>
</kw>
<kw name="Set Test Variable" library="BuiltIn">
<arg>${RESPONSE}</arg>
<arg>${RESPONSE}</arg>
<doc>Makes a variable available everywhere within the scope of the current test.</doc>
<msg timestamp="20241112 11:54:56.717" level="INFO">${RESPONSE} = &lt;Response [400]&gt;</msg>
<status status="PASS" starttime="20241112 11:54:56.716" endtime="20241112 11:54:56.718"/>
</kw>
<status status="PASS" starttime="20241112 11:54:55.308" endtime="20241112 11:54:56.719"/>
</kw>
<kw name="Então o status code deve ser 400" library="shared_keywords" sourcename="o status code deve ser ${status_code}">
<kw name="Should Be Equal As Integers" library="BuiltIn">
<arg>${RESPONSE.status_code}</arg>
<arg>${status_code}</arg>
<doc>Fails if objects are unequal after converting them to integers.</doc>
<msg timestamp="20241112 11:54:56.726" level="INFO">Argument types are:
&lt;class 'int'&gt;
&lt;class 'str'&gt;</msg>
<status status="PASS" starttime="20241112 11:54:56.723" endtime="20241112 11:54:56.726"/>
</kw>
<status status="PASS" starttime="20241112 11:54:56.722" endtime="20241112 11:54:56.727"/>
</kw>
<tag>cancellation_card</tag>
<status status="PASS" starttime="20241112 11:54:55.164" endtime="20241112 11:54:56.728"/>
</test>
<test id="s1-t2" name="TC2: Validar Cancelamento Enviando &quot;transactionType&quot; Diferente Do Esperado" line="17">
<kw name="Dado que altero o valor do campo transactionType do BODY para teste" library="shared_keywords" sourcename="que altero o valor do campo ${field} do ${payload_reference} para ${new_value}">
<if>
<branch type="IF" condition="$payload_reference == &quot;BODY&quot;">
<kw name="Update Value To Json" library="JSONLibrary">
<var>${new_variable}</var>
<arg>${${payload_reference}}</arg>
<arg>${field}</arg>
<arg>${new_value}</arg>
<doc>Update value to JSON using JSONPath</doc>
<msg timestamp="20241112 11:54:56.807" level="INFO">${new_variable} = {'authorizationCode': '15f1a6d1f6d16', 'availableAmount': 1000, 'cancellationAmount': 500.53, 'cardNumber': '16151*16165', 'depositDate': '2024-09-19', 'merchantId': '777777777', 'metadata': [{'key': ...</msg>
<status status="PASS" starttime="20241112 11:54:56.741" endtime="20241112 11:54:56.807"/>
</kw>
<status status="PASS" starttime="20241112 11:54:56.740" endtime="20241112 11:54:56.807"/>
</branch>
<branch type="ELSE IF" condition="$payload_reference == &quot;Path Parameter&quot;">
<kw name="Set Test Variable" library="BuiltIn">
<arg>${payload_reference}</arg>
<arg>${field}</arg>
<doc>Makes a variable available everywhere within the scope of the current test.</doc>
<status status="NOT RUN" starttime="20241112 11:54:56.808" endtime="20241112 11:54:56.808"/>
</kw>
<kw name="Set Test Variable" library="BuiltIn">
<arg>${new_variable}</arg>
<arg>${new_value}</arg>
<doc>Makes a variable available everywhere within the scope of the current test.</doc>
<status status="NOT RUN" starttime="20241112 11:54:56.808" endtime="20241112 11:54:56.808"/>
</kw>
<status status="NOT RUN" starttime="20241112 11:54:56.808" endtime="20241112 11:54:56.809"/>
</branch>
<branch type="ELSE">
<kw name="Set To Dictionary" library="Collections">
<var>${new_variable}</var>
<arg>${${payload_reference}}</arg>
<arg>${field}</arg>
<arg>${new_value}</arg>
<doc>Adds the given ``key_value_pairs`` and ``items`` to the ``dictionary``.</doc>
<status status="NOT RUN" starttime="20241112 11:54:56.809" endtime="20241112 11:54:56.809"/>
</kw>
<status status="NOT RUN" starttime="20241112 11:54:56.809" endtime="20241112 11:54:56.809"/>
</branch>
<status status="PASS" starttime="20241112 11:54:56.739" endtime="20241112 11:54:56.809"/>
</if>
<kw name="Set Test Variable" library="BuiltIn">
<arg>${${payload_reference}}</arg>
<arg>${new_variable}</arg>
<doc>Makes a variable available everywhere within the scope of the current test.</doc>
<msg timestamp="20241112 11:54:56.810" level="INFO">${BODY} = {'authorizationCode': '15f1a6d1f6d16', 'availableAmount': 1000, 'cancellationAmount': 500.53, 'cardNumber': '16151*16165', 'depositDate': '2024-09-19', 'merchantId': '777777777', 'metadata': [{'key': ...</msg>
<status status="PASS" starttime="20241112 11:54:56.809" endtime="20241112 11:54:56.810"/>
</kw>
<status status="PASS" starttime="20241112 11:54:56.737" endtime="20241112 11:54:56.811"/>
</kw>
<kw name="Quando que realizo a requisição do tipo POST para /cancellation" library="cancellation">
<doc>Keyword responsável por realizar a requisição do tipo POST para o endpoint /cancellation</doc>
<kw name="POST" library="RequestsLibrary">
<var>${RESPONSE}</var>
<arg>https://hcancelamento-transacao.produto-financeiro.grupoboticario.digital/cancellation</arg>
<arg>json=${BODY}</arg>
<arg>expected_status=any</arg>
<doc>Sends a POST request.</doc>
<msg timestamp="20241112 11:54:57.574" level="INFO">POST Request : url=https://hcancelamento-transacao.produto-financeiro.grupoboticario.digital/cancellation 
 path_url=/cancellation 
 headers={'User-Agent': 'python-requests/2.28.1', 'Accept-Encoding': 'gzip, deflate', 'Accept': '*/*', 'Connection': 'keep-alive', 'Content-Length': '566', 'Content-Type': 'application/json'} 
 body=b'{"authorizationCode": "15f1a6d1f6d16", "availableAmount": 1000, "cancellationAmount": 500.53, "cardNumber": "16151*16165", "depositDate": "2024-09-19", "merchantId": "777777777", "metadata": [{"key": "customer_id", "value": "123456"}, {"key": "outro_dado", "value": "4fda156f16ds"}], "nsu": "156165161615", "nsuHost": "16516516516", "provider": "CIELO", "saleId": "16516", "tid": "b3da3f31-9c0a-4da2-9b19-bc1ce4391f6c", "transactionAmount": 1245.67, "transactionDate": "2024-09-19", "transactionGroup": "165165", "transactionStatusId": 2, "transactionType": "teste"}' 
 </msg>
<msg timestamp="20241112 11:54:57.574" level="INFO">POST Response : url=https://hcancelamento-transacao.produto-financeiro.grupoboticario.digital/cancellation 
 status=400, reason= 
 headers={'Date': 'Tue, 12 Nov 2024 14:54:56 GMT', 'Content-Type': 'application/json', 'Transfer-Encoding': 'chunked', 'Connection': 'keep-alive'} 
 body={"timestamp":"2024-11-12T11:54:56.834Z","status":400,"error":"Bad Request","path":"/cancellation"} 
 </msg>
<msg timestamp="20241112 11:54:57.575" level="INFO">${RESPONSE} = &lt;Response [400]&gt;</msg>
<status status="PASS" starttime="20241112 11:54:56.813" endtime="20241112 11:54:57.575"/>
</kw>
<kw name="Set Test Variable" library="BuiltIn">
<arg>${RESPONSE}</arg>
<arg>${RESPONSE}</arg>
<doc>Makes a variable available everywhere within the scope of the current test.</doc>
<msg timestamp="20241112 11:54:57.576" level="INFO">${RESPONSE} = &lt;Response [400]&gt;</msg>
<status status="PASS" starttime="20241112 11:54:57.575" endtime="20241112 11:54:57.576"/>
</kw>
<status status="PASS" starttime="20241112 11:54:56.812" endtime="20241112 11:54:57.576"/>
</kw>
<kw name="Então o status code deve ser 400" library="shared_keywords" sourcename="o status code deve ser ${status_code}">
<kw name="Should Be Equal As Integers" library="BuiltIn">
<arg>${RESPONSE.status_code}</arg>
<arg>${status_code}</arg>
<doc>Fails if objects are unequal after converting them to integers.</doc>
<msg timestamp="20241112 11:54:57.581" level="INFO">Argument types are:
&lt;class 'int'&gt;
&lt;class 'str'&gt;</msg>
<status status="PASS" starttime="20241112 11:54:57.579" endtime="20241112 11:54:57.582"/>
</kw>
<status status="PASS" starttime="20241112 11:54:57.577" endtime="20241112 11:54:57.582"/>
</kw>
<tag>cancellation_card</tag>
<status status="PASS" starttime="20241112 11:54:56.733" endtime="20241112 11:54:57.584"/>
</test>
<test id="s1-t3" name="TC3: Validar Cancelamento Enviando &quot;transactionType&quot; Numérico" line="23">
<kw name="Dado que altero o valor do campo transactionType do BODY para 10" library="shared_keywords" sourcename="que altero o valor do campo ${field} do ${payload_reference} para ${new_value}">
<if>
<branch type="IF" condition="$payload_reference == &quot;BODY&quot;">
<kw name="Update Value To Json" library="JSONLibrary">
<var>${new_variable}</var>
<arg>${${payload_reference}}</arg>
<arg>${field}</arg>
<arg>${new_value}</arg>
<doc>Update value to JSON using JSONPath</doc>
<msg timestamp="20241112 11:54:57.803" level="INFO">${new_variable} = {'authorizationCode': '15f1a6d1f6d16', 'availableAmount': 1000, 'cancellationAmount': 500.53, 'cardNumber': '16151*16165', 'depositDate': '2024-09-19', 'merchantId': '777777777', 'metadata': [{'key': ...</msg>
<status status="PASS" starttime="20241112 11:54:57.592" endtime="20241112 11:54:57.803"/>
</kw>
<status status="PASS" starttime="20241112 11:54:57.591" endtime="20241112 11:54:57.804"/>
</branch>
<branch type="ELSE IF" condition="$payload_reference == &quot;Path Parameter&quot;">
<kw name="Set Test Variable" library="BuiltIn">
<arg>${payload_reference}</arg>
<arg>${field}</arg>
<doc>Makes a variable available everywhere within the scope of the current test.</doc>
<status status="NOT RUN" starttime="20241112 11:54:57.804" endtime="20241112 11:54:57.804"/>
</kw>
<kw name="Set Test Variable" library="BuiltIn">
<arg>${new_variable}</arg>
<arg>${new_value}</arg>
<doc>Makes a variable available everywhere within the scope of the current test.</doc>
<status status="NOT RUN" starttime="20241112 11:54:57.804" endtime="20241112 11:54:57.804"/>
</kw>
<status status="NOT RUN" starttime="20241112 11:54:57.804" endtime="20241112 11:54:57.805"/>
</branch>
<branch type="ELSE">
<kw name="Set To Dictionary" library="Collections">
<var>${new_variable}</var>
<arg>${${payload_reference}}</arg>
<arg>${field}</arg>
<arg>${new_value}</arg>
<doc>Adds the given ``key_value_pairs`` and ``items`` to the ``dictionary``.</doc>
<status status="NOT RUN" starttime="20241112 11:54:57.805" endtime="20241112 11:54:57.805"/>
</kw>
<status status="NOT RUN" starttime="20241112 11:54:57.805" endtime="20241112 11:54:57.805"/>
</branch>
<status status="PASS" starttime="20241112 11:54:57.591" endtime="20241112 11:54:57.805"/>
</if>
<kw name="Set Test Variable" library="BuiltIn">
<arg>${${payload_reference}}</arg>
<arg>${new_variable}</arg>
<doc>Makes a variable available everywhere within the scope of the current test.</doc>
<msg timestamp="20241112 11:54:57.806" level="INFO">${BODY} = {'authorizationCode': '15f1a6d1f6d16', 'availableAmount': 1000, 'cancellationAmount': 500.53, 'cardNumber': '16151*16165', 'depositDate': '2024-09-19', 'merchantId': '777777777', 'metadata': [{'key': ...</msg>
<status status="PASS" starttime="20241112 11:54:57.805" endtime="20241112 11:54:57.806"/>
</kw>
<status status="PASS" starttime="20241112 11:54:57.590" endtime="20241112 11:54:57.807"/>
</kw>
<kw name="Quando que realizo a requisição do tipo POST para /cancellation" library="cancellation">
<doc>Keyword responsável por realizar a requisição do tipo POST para o endpoint /cancellation</doc>
<kw name="POST" library="RequestsLibrary">
<var>${RESPONSE}</var>
<arg>https://hcancelamento-transacao.produto-financeiro.grupoboticario.digital/cancellation</arg>
<arg>json=${BODY}</arg>
<arg>expected_status=any</arg>
<doc>Sends a POST request.</doc>
<msg timestamp="20241112 11:54:58.606" level="INFO">POST Request : url=https://hcancelamento-transacao.produto-financeiro.grupoboticario.digital/cancellation 
 path_url=/cancellation 
 headers={'User-Agent': 'python-requests/2.28.1', 'Accept-Encoding': 'gzip, deflate', 'Accept': '*/*', 'Connection': 'keep-alive', 'Content-Length': '563', 'Content-Type': 'application/json'} 
 body=b'{"authorizationCode": "15f1a6d1f6d16", "availableAmount": 1000, "cancellationAmount": 500.53, "cardNumber": "16151*16165", "depositDate": "2024-09-19", "merchantId": "777777777", "metadata": [{"key": "customer_id", "value": "123456"}, {"key": "outro_dado", "value": "4fda156f16ds"}], "nsu": "156165161615", "nsuHost": "16516516516", "provider": "CIELO", "saleId": "16516", "tid": "b3da3f31-9c0a-4da2-9b19-bc1ce4391f6c", "transactionAmount": 1245.67, "transactionDate": "2024-09-19", "transactionGroup": "165165", "transactionStatusId": 2, "transactionType": "10"}' 
 </msg>
<msg timestamp="20241112 11:54:58.606" level="INFO">POST Response : url=https://hcancelamento-transacao.produto-financeiro.grupoboticario.digital/cancellation 
 status=400, reason= 
 headers={'Date': 'Tue, 12 Nov 2024 14:54:57 GMT', 'Content-Type': 'application/json', 'Transfer-Encoding': 'chunked', 'Connection': 'keep-alive'} 
 body={"timestamp":"2024-11-12T11:54:57.875Z","status":400,"error":"Bad Request","path":"/cancellation"} 
 </msg>
<msg timestamp="20241112 11:54:58.607" level="INFO">${RESPONSE} = &lt;Response [400]&gt;</msg>
<status status="PASS" starttime="20241112 11:54:57.825" endtime="20241112 11:54:58.607"/>
</kw>
<kw name="Set Test Variable" library="BuiltIn">
<arg>${RESPONSE}</arg>
<arg>${RESPONSE}</arg>
<doc>Makes a variable available everywhere within the scope of the current test.</doc>
<msg timestamp="20241112 11:54:58.607" level="INFO">${RESPONSE} = &lt;Response [400]&gt;</msg>
<status status="PASS" starttime="20241112 11:54:58.607" endtime="20241112 11:54:58.607"/>
</kw>
<status status="PASS" starttime="20241112 11:54:57.824" endtime="20241112 11:54:58.608"/>
</kw>
<kw name="Então o status code deve ser 400" library="shared_keywords" sourcename="o status code deve ser ${status_code}">
<kw name="Should Be Equal As Integers" library="BuiltIn">
<arg>${RESPONSE.status_code}</arg>
<arg>${status_code}</arg>
<doc>Fails if objects are unequal after converting them to integers.</doc>
<msg timestamp="20241112 11:54:58.610" level="INFO">Argument types are:
&lt;class 'int'&gt;
&lt;class 'str'&gt;</msg>
<status status="PASS" starttime="20241112 11:54:58.610" endtime="20241112 11:54:58.610"/>
</kw>
<status status="PASS" starttime="20241112 11:54:58.609" endtime="20241112 11:54:58.611"/>
</kw>
<tag>cancellation_card</tag>
<status status="PASS" starttime="20241112 11:54:57.587" endtime="20241112 11:54:58.611"/>
</test>
<test id="s1-t4" name="TC4: Validar Cancelamento Enviando &quot;provider&quot; Vazio" line="29">
<kw name="Dado que altero o valor do campo provider do BODY para ${EMPTY}" library="shared_keywords" sourcename="que altero o valor do campo ${field} do ${payload_reference} para ${new_value}">
<if>
<branch type="IF" condition="$payload_reference == &quot;BODY&quot;">
<kw name="Update Value To Json" library="JSONLibrary">
<var>${new_variable}</var>
<arg>${${payload_reference}}</arg>
<arg>${field}</arg>
<arg>${new_value}</arg>
<doc>Update value to JSON using JSONPath</doc>
<msg timestamp="20241112 11:54:58.651" level="INFO">${new_variable} = {'authorizationCode': '15f1a6d1f6d16', 'availableAmount': 1000, 'cancellationAmount': 500.53, 'cardNumber': '16151*16165', 'depositDate': '2024-09-19', 'merchantId': '777777777', 'metadata': [{'key': ...</msg>
<status status="PASS" starttime="20241112 11:54:58.615" endtime="20241112 11:54:58.651"/>
</kw>
<status status="PASS" starttime="20241112 11:54:58.615" endtime="20241112 11:54:58.651"/>
</branch>
<branch type="ELSE IF" condition="$payload_reference == &quot;Path Parameter&quot;">
<kw name="Set Test Variable" library="BuiltIn">
<arg>${payload_reference}</arg>
<arg>${field}</arg>
<doc>Makes a variable available everywhere within the scope of the current test.</doc>
<status status="NOT RUN" starttime="20241112 11:54:58.652" endtime="20241112 11:54:58.652"/>
</kw>
<kw name="Set Test Variable" library="BuiltIn">
<arg>${new_variable}</arg>
<arg>${new_value}</arg>
<doc>Makes a variable available everywhere within the scope of the current test.</doc>
<status status="NOT RUN" starttime="20241112 11:54:58.652" endtime="20241112 11:54:58.652"/>
</kw>
<status status="NOT RUN" starttime="20241112 11:54:58.651" endtime="20241112 11:54:58.652"/>
</branch>
<branch type="ELSE">
<kw name="Set To Dictionary" library="Collections">
<var>${new_variable}</var>
<arg>${${payload_reference}}</arg>
<arg>${field}</arg>
<arg>${new_value}</arg>
<doc>Adds the given ``key_value_pairs`` and ``items`` to the ``dictionary``.</doc>
<status status="NOT RUN" starttime="20241112 11:54:58.653" endtime="20241112 11:54:58.653"/>
</kw>
<status status="NOT RUN" starttime="20241112 11:54:58.652" endtime="20241112 11:54:58.653"/>
</branch>
<status status="PASS" starttime="20241112 11:54:58.614" endtime="20241112 11:54:58.653"/>
</if>
<kw name="Set Test Variable" library="BuiltIn">
<arg>${${payload_reference}}</arg>
<arg>${new_variable}</arg>
<doc>Makes a variable available everywhere within the scope of the current test.</doc>
<msg timestamp="20241112 11:54:58.653" level="INFO">${BODY} = {'authorizationCode': '15f1a6d1f6d16', 'availableAmount': 1000, 'cancellationAmount': 500.53, 'cardNumber': '16151*16165', 'depositDate': '2024-09-19', 'merchantId': '777777777', 'metadata': [{'key': ...</msg>
<status status="PASS" starttime="20241112 11:54:58.653" endtime="20241112 11:54:58.653"/>
</kw>
<status status="PASS" starttime="20241112 11:54:58.614" endtime="20241112 11:54:58.654"/>
</kw>
<kw name="Quando que realizo a requisição do tipo POST para /cancellation" library="cancellation">
<doc>Keyword responsável por realizar a requisição do tipo POST para o endpoint /cancellation</doc>
<kw name="POST" library="RequestsLibrary">
<var>${RESPONSE}</var>
<arg>https://hcancelamento-transacao.produto-financeiro.grupoboticario.digital/cancellation</arg>
<arg>json=${BODY}</arg>
<arg>expected_status=any</arg>
<doc>Sends a POST request.</doc>
<msg timestamp="20241112 11:54:59.419" level="INFO">POST Request : url=https://hcancelamento-transacao.produto-financeiro.grupoboticario.digital/cancellation 
 path_url=/cancellation 
 headers={'User-Agent': 'python-requests/2.28.1', 'Accept-Encoding': 'gzip, deflate', 'Accept': '*/*', 'Connection': 'keep-alive', 'Content-Length': '558', 'Content-Type': 'application/json'} 
 body=b'{"authorizationCode": "15f1a6d1f6d16", "availableAmount": 1000, "cancellationAmount": 500.53, "cardNumber": "16151*16165", "depositDate": "2024-09-19", "merchantId": "777777777", "metadata": [{"key": "customer_id", "value": "123456"}, {"key": "outro_dado", "value": "4fda156f16ds"}], "nsu": "156165161615", "nsuHost": "16516516516", "provider": "", "saleId": "16516", "tid": "b3da3f31-9c0a-4da2-9b19-bc1ce4391f6c", "transactionAmount": 1245.67, "transactionDate": "2024-09-19", "transactionGroup": "165165", "transactionStatusId": 2, "transactionType": "CC"}' 
 </msg>
<msg timestamp="20241112 11:54:59.419" level="INFO">POST Response : url=https://hcancelamento-transacao.produto-financeiro.grupoboticario.digital/cancellation 
 status=400, reason= 
 headers={'Date': 'Tue, 12 Nov 2024 14:54:58 GMT', 'Content-Type': 'application/json', 'Transfer-Encoding': 'chunked', 'Connection': 'keep-alive'} 
 body={"timestamp":"2024-11-12T11:54:58.684Z","status":400,"error":"Bad Request","path":"/cancellation"} 
 </msg>
<msg timestamp="20241112 11:54:59.420" level="INFO">${RESPONSE} = &lt;Response [400]&gt;</msg>
<status status="PASS" starttime="20241112 11:54:58.655" endtime="20241112 11:54:59.420"/>
</kw>
<kw name="Set Test Variable" library="BuiltIn">
<arg>${RESPONSE}</arg>
<arg>${RESPONSE}</arg>
<doc>Makes a variable available everywhere within the scope of the current test.</doc>
<msg timestamp="20241112 11:54:59.421" level="INFO">${RESPONSE} = &lt;Response [400]&gt;</msg>
<status status="PASS" starttime="20241112 11:54:59.420" endtime="20241112 11:54:59.421"/>
</kw>
<status status="PASS" starttime="20241112 11:54:58.654" endtime="20241112 11:54:59.421"/>
</kw>
<kw name="Então o status code deve ser 400" library="shared_keywords" sourcename="o status code deve ser ${status_code}">
<kw name="Should Be Equal As Integers" library="BuiltIn">
<arg>${RESPONSE.status_code}</arg>
<arg>${status_code}</arg>
<doc>Fails if objects are unequal after converting them to integers.</doc>
<msg timestamp="20241112 11:54:59.425" level="INFO">Argument types are:
&lt;class 'int'&gt;
&lt;class 'str'&gt;</msg>
<status status="PASS" starttime="20241112 11:54:59.424" endtime="20241112 11:54:59.425"/>
</kw>
<status status="PASS" starttime="20241112 11:54:59.423" endtime="20241112 11:54:59.426"/>
</kw>
<tag>cancellation_card</tag>
<status status="PASS" starttime="20241112 11:54:58.613" endtime="20241112 11:54:59.427"/>
</test>
<test id="s1-t5" name="TC5: Validar Cancelamento Enviando &quot;provider&quot; Numérico" line="35">
<kw name="Dado que altero o valor do campo provider do BODY para 12" library="shared_keywords" sourcename="que altero o valor do campo ${field} do ${payload_reference} para ${new_value}">
<if>
<branch type="IF" condition="$payload_reference == &quot;BODY&quot;">
<kw name="Update Value To Json" library="JSONLibrary">
<var>${new_variable}</var>
<arg>${${payload_reference}}</arg>
<arg>${field}</arg>
<arg>${new_value}</arg>
<doc>Update value to JSON using JSONPath</doc>
<msg timestamp="20241112 11:54:59.468" level="INFO">${new_variable} = {'authorizationCode': '15f1a6d1f6d16', 'availableAmount': 1000, 'cancellationAmount': 500.53, 'cardNumber': '16151*16165', 'depositDate': '2024-09-19', 'merchantId': '777777777', 'metadata': [{'key': ...</msg>
<status status="PASS" starttime="20241112 11:54:59.430" endtime="20241112 11:54:59.468"/>
</kw>
<status status="PASS" starttime="20241112 11:54:59.430" endtime="20241112 11:54:59.468"/>
</branch>
<branch type="ELSE IF" condition="$payload_reference == &quot;Path Parameter&quot;">
<kw name="Set Test Variable" library="BuiltIn">
<arg>${payload_reference}</arg>
<arg>${field}</arg>
<doc>Makes a variable available everywhere within the scope of the current test.</doc>
<status status="NOT RUN" starttime="20241112 11:54:59.468" endtime="20241112 11:54:59.468"/>
</kw>
<kw name="Set Test Variable" library="BuiltIn">
<arg>${new_variable}</arg>
<arg>${new_value}</arg>
<doc>Makes a variable available everywhere within the scope of the current test.</doc>
<status status="NOT RUN" starttime="20241112 11:54:59.469" endtime="20241112 11:54:59.469"/>
</kw>
<status status="NOT RUN" starttime="20241112 11:54:59.468" endtime="20241112 11:54:59.469"/>
</branch>
<branch type="ELSE">
<kw name="Set To Dictionary" library="Collections">
<var>${new_variable}</var>
<arg>${${payload_reference}}</arg>
<arg>${field}</arg>
<arg>${new_value}</arg>
<doc>Adds the given ``key_value_pairs`` and ``items`` to the ``dictionary``.</doc>
<status status="NOT RUN" starttime="20241112 11:54:59.470" endtime="20241112 11:54:59.470"/>
</kw>
<status status="NOT RUN" starttime="20241112 11:54:59.469" endtime="20241112 11:54:59.470"/>
</branch>
<status status="PASS" starttime="20241112 11:54:59.429" endtime="20241112 11:54:59.470"/>
</if>
<kw name="Set Test Variable" library="BuiltIn">
<arg>${${payload_reference}}</arg>
<arg>${new_variable}</arg>
<doc>Makes a variable available everywhere within the scope of the current test.</doc>
<msg timestamp="20241112 11:54:59.471" level="INFO">${BODY} = {'authorizationCode': '15f1a6d1f6d16', 'availableAmount': 1000, 'cancellationAmount': 500.53, 'cardNumber': '16151*16165', 'depositDate': '2024-09-19', 'merchantId': '777777777', 'metadata': [{'key': ...</msg>
<status status="PASS" starttime="20241112 11:54:59.470" endtime="20241112 11:54:59.471"/>
</kw>
<status status="PASS" starttime="20241112 11:54:59.429" endtime="20241112 11:54:59.472"/>
</kw>
<kw name="Quando que realizo a requisição do tipo POST para /cancellation" library="cancellation">
<doc>Keyword responsável por realizar a requisição do tipo POST para o endpoint /cancellation</doc>
<kw name="POST" library="RequestsLibrary">
<var>${RESPONSE}</var>
<arg>https://hcancelamento-transacao.produto-financeiro.grupoboticario.digital/cancellation</arg>
<arg>json=${BODY}</arg>
<arg>expected_status=any</arg>
<doc>Sends a POST request.</doc>
<msg timestamp="20241112 11:55:00.249" level="INFO">POST Request : url=https://hcancelamento-transacao.produto-financeiro.grupoboticario.digital/cancellation 
 path_url=/cancellation 
 headers={'User-Agent': 'python-requests/2.28.1', 'Accept-Encoding': 'gzip, deflate', 'Accept': '*/*', 'Connection': 'keep-alive', 'Content-Length': '560', 'Content-Type': 'application/json'} 
 body=b'{"authorizationCode": "15f1a6d1f6d16", "availableAmount": 1000, "cancellationAmount": 500.53, "cardNumber": "16151*16165", "depositDate": "2024-09-19", "merchantId": "777777777", "metadata": [{"key": "customer_id", "value": "123456"}, {"key": "outro_dado", "value": "4fda156f16ds"}], "nsu": "156165161615", "nsuHost": "16516516516", "provider": "12", "saleId": "16516", "tid": "b3da3f31-9c0a-4da2-9b19-bc1ce4391f6c", "transactionAmount": 1245.67, "transactionDate": "2024-09-19", "transactionGroup": "165165", "transactionStatusId": 2, "transactionType": "CC"}' 
 </msg>
<msg timestamp="20241112 11:55:00.249" level="INFO">POST Response : url=https://hcancelamento-transacao.produto-financeiro.grupoboticario.digital/cancellation 
 status=400, reason= 
 headers={'Date': 'Tue, 12 Nov 2024 14:54:59 GMT', 'Content-Type': 'application/json', 'Transfer-Encoding': 'chunked', 'Connection': 'keep-alive'} 
 body={"timestamp":"2024-11-12T11:54:59.500Z","status":400,"error":"Bad Request","path":"/cancellation"} 
 </msg>
<msg timestamp="20241112 11:55:00.250" level="INFO">${RESPONSE} = &lt;Response [400]&gt;</msg>
<status status="PASS" starttime="20241112 11:54:59.473" endtime="20241112 11:55:00.250"/>
</kw>
<kw name="Set Test Variable" library="BuiltIn">
<arg>${RESPONSE}</arg>
<arg>${RESPONSE}</arg>
<doc>Makes a variable available everywhere within the scope of the current test.</doc>
<msg timestamp="20241112 11:55:00.251" level="INFO">${RESPONSE} = &lt;Response [400]&gt;</msg>
<status status="PASS" starttime="20241112 11:55:00.251" endtime="20241112 11:55:00.252"/>
</kw>
<status status="PASS" starttime="20241112 11:54:59.473" endtime="20241112 11:55:00.252"/>
</kw>
<kw name="Então o status code deve ser 400" library="shared_keywords" sourcename="o status code deve ser ${status_code}">
<kw name="Should Be Equal As Integers" library="BuiltIn">
<arg>${RESPONSE.status_code}</arg>
<arg>${status_code}</arg>
<doc>Fails if objects are unequal after converting them to integers.</doc>
<msg timestamp="20241112 11:55:00.257" level="INFO">Argument types are:
&lt;class 'int'&gt;
&lt;class 'str'&gt;</msg>
<status status="PASS" starttime="20241112 11:55:00.255" endtime="20241112 11:55:00.257"/>
</kw>
<status status="PASS" starttime="20241112 11:55:00.254" endtime="20241112 11:55:00.258"/>
</kw>
<tag>cancellation_card</tag>
<status status="PASS" starttime="20241112 11:54:59.428" endtime="20241112 11:55:00.259"/>
</test>
<test id="s1-t6" name="TC6: Validar Cancelamento Enviando &quot;merchantId&quot; Vazio" line="41">
<kw name="Dado que altero o valor do campo merchantId do BODY para ${EMPTY}" library="shared_keywords" sourcename="que altero o valor do campo ${field} do ${payload_reference} para ${new_value}">
<if>
<branch type="IF" condition="$payload_reference == &quot;BODY&quot;">
<kw name="Update Value To Json" library="JSONLibrary">
<var>${new_variable}</var>
<arg>${${payload_reference}}</arg>
<arg>${field}</arg>
<arg>${new_value}</arg>
<doc>Update value to JSON using JSONPath</doc>
<msg timestamp="20241112 11:55:00.311" level="INFO">${new_variable} = {'authorizationCode': '15f1a6d1f6d16', 'availableAmount': 1000, 'cancellationAmount': 500.53, 'cardNumber': '16151*16165', 'depositDate': '2024-09-19', 'merchantId': '', 'metadata': [{'key': 'customer...</msg>
<status status="PASS" starttime="20241112 11:55:00.269" endtime="20241112 11:55:00.311"/>
</kw>
<status status="PASS" starttime="20241112 11:55:00.268" endtime="20241112 11:55:00.311"/>
</branch>
<branch type="ELSE IF" condition="$payload_reference == &quot;Path Parameter&quot;">
<kw name="Set Test Variable" library="BuiltIn">
<arg>${payload_reference}</arg>
<arg>${field}</arg>
<doc>Makes a variable available everywhere within the scope of the current test.</doc>
<status status="NOT RUN" starttime="20241112 11:55:00.312" endtime="20241112 11:55:00.312"/>
</kw>
<kw name="Set Test Variable" library="BuiltIn">
<arg>${new_variable}</arg>
<arg>${new_value}</arg>
<doc>Makes a variable available everywhere within the scope of the current test.</doc>
<status status="NOT RUN" starttime="20241112 11:55:00.312" endtime="20241112 11:55:00.312"/>
</kw>
<status status="NOT RUN" starttime="20241112 11:55:00.311" endtime="20241112 11:55:00.312"/>
</branch>
<branch type="ELSE">
<kw name="Set To Dictionary" library="Collections">
<var>${new_variable}</var>
<arg>${${payload_reference}}</arg>
<arg>${field}</arg>
<arg>${new_value}</arg>
<doc>Adds the given ``key_value_pairs`` and ``items`` to the ``dictionary``.</doc>
<status status="NOT RUN" starttime="20241112 11:55:00.313" endtime="20241112 11:55:00.313"/>
</kw>
<status status="NOT RUN" starttime="20241112 11:55:00.312" endtime="20241112 11:55:00.313"/>
</branch>
<status status="PASS" starttime="20241112 11:55:00.267" endtime="20241112 11:55:00.313"/>
</if>
<kw name="Set Test Variable" library="BuiltIn">
<arg>${${payload_reference}}</arg>
<arg>${new_variable}</arg>
<doc>Makes a variable available everywhere within the scope of the current test.</doc>
<msg timestamp="20241112 11:55:00.318" level="INFO">${BODY} = {'authorizationCode': '15f1a6d1f6d16', 'availableAmount': 1000, 'cancellationAmount': 500.53, 'cardNumber': '16151*16165', 'depositDate': '2024-09-19', 'merchantId': '', 'metadata': [{'key': 'customer...</msg>
<status status="PASS" starttime="20241112 11:55:00.313" endtime="20241112 11:55:00.318"/>
</kw>
<status status="PASS" starttime="20241112 11:55:00.263" endtime="20241112 11:55:00.318"/>
</kw>
<kw name="Quando que realizo a requisição do tipo POST para /cancellation" library="cancellation">
<doc>Keyword responsável por realizar a requisição do tipo POST para o endpoint /cancellation</doc>
<kw name="POST" library="RequestsLibrary">
<var>${RESPONSE}</var>
<arg>https://hcancelamento-transacao.produto-financeiro.grupoboticario.digital/cancellation</arg>
<arg>json=${BODY}</arg>
<arg>expected_status=any</arg>
<doc>Sends a POST request.</doc>
<msg timestamp="20241112 11:55:01.414" level="INFO">POST Request : url=https://hcancelamento-transacao.produto-financeiro.grupoboticario.digital/cancellation 
 path_url=/cancellation 
 headers={'User-Agent': 'python-requests/2.28.1', 'Accept-Encoding': 'gzip, deflate', 'Accept': '*/*', 'Connection': 'keep-alive', 'Content-Length': '554', 'Content-Type': 'application/json'} 
 body=b'{"authorizationCode": "15f1a6d1f6d16", "availableAmount": 1000, "cancellationAmount": 500.53, "cardNumber": "16151*16165", "depositDate": "2024-09-19", "merchantId": "", "metadata": [{"key": "customer_id", "value": "123456"}, {"key": "outro_dado", "value": "4fda156f16ds"}], "nsu": "156165161615", "nsuHost": "16516516516", "provider": "CIELO", "saleId": "16516", "tid": "b3da3f31-9c0a-4da2-9b19-bc1ce4391f6c", "transactionAmount": 1245.67, "transactionDate": "2024-09-19", "transactionGroup": "165165", "transactionStatusId": 2, "transactionType": "CC"}' 
 </msg>
<msg timestamp="20241112 11:55:01.414" level="INFO">POST Response : url=https://hcancelamento-transacao.produto-financeiro.grupoboticario.digital/cancellation 
 status=400, reason= 
 headers={'Date': 'Tue, 12 Nov 2024 14:55:00 GMT', 'Content-Type': 'application/json', 'Transfer-Encoding': 'chunked', 'Connection': 'keep-alive'} 
 body={"status":400,"errors":[{"code":"CT001","message":"merchantId: must not be null or blank"}]} 
 </msg>
<msg timestamp="20241112 11:55:01.414" level="INFO">${RESPONSE} = &lt;Response [400]&gt;</msg>
<status status="PASS" starttime="20241112 11:55:00.319" endtime="20241112 11:55:01.414"/>
</kw>
<kw name="Set Test Variable" library="BuiltIn">
<arg>${RESPONSE}</arg>
<arg>${RESPONSE}</arg>
<doc>Makes a variable available everywhere within the scope of the current test.</doc>
<msg timestamp="20241112 11:55:01.415" level="INFO">${RESPONSE} = &lt;Response [400]&gt;</msg>
<status status="PASS" starttime="20241112 11:55:01.414" endtime="20241112 11:55:01.415"/>
</kw>
<status status="PASS" starttime="20241112 11:55:00.319" endtime="20241112 11:55:01.415"/>
</kw>
<kw name="Então o status code deve ser 400" library="shared_keywords" sourcename="o status code deve ser ${status_code}">
<kw name="Should Be Equal As Integers" library="BuiltIn">
<arg>${RESPONSE.status_code}</arg>
<arg>${status_code}</arg>
<doc>Fails if objects are unequal after converting them to integers.</doc>
<msg timestamp="20241112 11:55:01.417" level="INFO">Argument types are:
&lt;class 'int'&gt;
&lt;class 'str'&gt;</msg>
<status status="PASS" starttime="20241112 11:55:01.417" endtime="20241112 11:55:01.417"/>
</kw>
<status status="PASS" starttime="20241112 11:55:01.416" endtime="20241112 11:55:01.418"/>
</kw>
<tag>cancellation_card</tag>
<status status="PASS" starttime="20241112 11:55:00.261" endtime="20241112 11:55:01.418"/>
</test>
<test id="s1-t7" name="TC7: Validar Cancelamento Enviando &quot;merchantId&quot; Alfabético" line="47">
<kw name="Dado que altero o valor do campo merchantId do BODY para teste" library="shared_keywords" sourcename="que altero o valor do campo ${field} do ${payload_reference} para ${new_value}">
<if>
<branch type="IF" condition="$payload_reference == &quot;BODY&quot;">
<kw name="Update Value To Json" library="JSONLibrary">
<var>${new_variable}</var>
<arg>${${payload_reference}}</arg>
<arg>${field}</arg>
<arg>${new_value}</arg>
<doc>Update value to JSON using JSONPath</doc>
<msg timestamp="20241112 11:55:01.470" level="INFO">${new_variable} = {'authorizationCode': '15f1a6d1f6d16', 'availableAmount': 1000, 'cancellationAmount': 500.53, 'cardNumber': '16151*16165', 'depositDate': '2024-09-19', 'merchantId': 'teste', 'metadata': [{'key': 'cus...</msg>
<status status="PASS" starttime="20241112 11:55:01.421" endtime="20241112 11:55:01.470"/>
</kw>
<status status="PASS" starttime="20241112 11:55:01.420" endtime="20241112 11:55:01.470"/>
</branch>
<branch type="ELSE IF" condition="$payload_reference == &quot;Path Parameter&quot;">
<kw name="Set Test Variable" library="BuiltIn">
<arg>${payload_reference}</arg>
<arg>${field}</arg>
<doc>Makes a variable available everywhere within the scope of the current test.</doc>
<status status="NOT RUN" starttime="20241112 11:55:01.470" endtime="20241112 11:55:01.470"/>
</kw>
<kw name="Set Test Variable" library="BuiltIn">
<arg>${new_variable}</arg>
<arg>${new_value}</arg>
<doc>Makes a variable available everywhere within the scope of the current test.</doc>
<status status="NOT RUN" starttime="20241112 11:55:01.470" endtime="20241112 11:55:01.470"/>
</kw>
<status status="NOT RUN" starttime="20241112 11:55:01.470" endtime="20241112 11:55:01.470"/>
</branch>
<branch type="ELSE">
<kw name="Set To Dictionary" library="Collections">
<var>${new_variable}</var>
<arg>${${payload_reference}}</arg>
<arg>${field}</arg>
<arg>${new_value}</arg>
<doc>Adds the given ``key_value_pairs`` and ``items`` to the ``dictionary``.</doc>
<status status="NOT RUN" starttime="20241112 11:55:01.471" endtime="20241112 11:55:01.471"/>
</kw>
<status status="NOT RUN" starttime="20241112 11:55:01.470" endtime="20241112 11:55:01.471"/>
</branch>
<status status="PASS" starttime="20241112 11:55:01.420" endtime="20241112 11:55:01.471"/>
</if>
<kw name="Set Test Variable" library="BuiltIn">
<arg>${${payload_reference}}</arg>
<arg>${new_variable}</arg>
<doc>Makes a variable available everywhere within the scope of the current test.</doc>
<msg timestamp="20241112 11:55:01.471" level="INFO">${BODY} = {'authorizationCode': '15f1a6d1f6d16', 'availableAmount': 1000, 'cancellationAmount': 500.53, 'cardNumber': '16151*16165', 'depositDate': '2024-09-19', 'merchantId': 'teste', 'metadata': [{'key': 'cus...</msg>
<status status="PASS" starttime="20241112 11:55:01.471" endtime="20241112 11:55:01.471"/>
</kw>
<status status="PASS" starttime="20241112 11:55:01.420" endtime="20241112 11:55:01.471"/>
</kw>
<kw name="Quando que realizo a requisição do tipo POST para /cancellation" library="cancellation">
<doc>Keyword responsável por realizar a requisição do tipo POST para o endpoint /cancellation</doc>
<kw name="POST" library="RequestsLibrary">
<var>${RESPONSE}</var>
<arg>https://hcancelamento-transacao.produto-financeiro.grupoboticario.digital/cancellation</arg>
<arg>json=${BODY}</arg>
<arg>expected_status=any</arg>
<doc>Sends a POST request.</doc>
<msg timestamp="20241112 11:55:02.622" level="INFO">POST Request : url=https://hcancelamento-transacao.produto-financeiro.grupoboticario.digital/cancellation 
 path_url=/cancellation 
 headers={'User-Agent': 'python-requests/2.28.1', 'Accept-Encoding': 'gzip, deflate', 'Accept': '*/*', 'Connection': 'keep-alive', 'Content-Length': '559', 'Content-Type': 'application/json'} 
 body=b'{"authorizationCode": "15f1a6d1f6d16", "availableAmount": 1000, "cancellationAmount": 500.53, "cardNumber": "16151*16165", "depositDate": "2024-09-19", "merchantId": "teste", "metadata": [{"key": "customer_id", "value": "123456"}, {"key": "outro_dado", "value": "4fda156f16ds"}], "nsu": "156165161615", "nsuHost": "16516516516", "provider": "CIELO", "saleId": "16516", "tid": "b3da3f31-9c0a-4da2-9b19-bc1ce4391f6c", "transactionAmount": 1245.67, "transactionDate": "2024-09-19", "transactionGroup": "165165", "transactionStatusId": 2, "transactionType": "CC"}' 
 </msg>
<msg timestamp="20241112 11:55:02.623" level="INFO">POST Response : url=https://hcancelamento-transacao.produto-financeiro.grupoboticario.digital/cancellation 
 status=201, reason= 
 headers={'Date': 'Tue, 12 Nov 2024 14:55:01 GMT', 'Content-Type': 'application/json', 'Transfer-Encoding': 'chunked', 'Connection': 'keep-alive'} 
 body={"cancellationCode":"b42dc211-074e-4112-b3b9-2d6016f045d1"} 
 </msg>
<msg timestamp="20241112 11:55:02.623" level="INFO">${RESPONSE} = &lt;Response [201]&gt;</msg>
<status status="PASS" starttime="20241112 11:55:01.473" endtime="20241112 11:55:02.623"/>
</kw>
<kw name="Set Test Variable" library="BuiltIn">
<arg>${RESPONSE}</arg>
<arg>${RESPONSE}</arg>
<doc>Makes a variable available everywhere within the scope of the current test.</doc>
<msg timestamp="20241112 11:55:02.625" level="INFO">${RESPONSE} = &lt;Response [201]&gt;</msg>
<status status="PASS" starttime="20241112 11:55:02.624" endtime="20241112 11:55:02.625"/>
</kw>
<status status="PASS" starttime="20241112 11:55:01.471" endtime="20241112 11:55:02.626"/>
</kw>
<kw name="Então o status code deve ser 400" library="shared_keywords" sourcename="o status code deve ser ${status_code}">
<kw name="Should Be Equal As Integers" library="BuiltIn">
<arg>${RESPONSE.status_code}</arg>
<arg>${status_code}</arg>
<doc>Fails if objects are unequal after converting them to integers.</doc>
<msg timestamp="20241112 11:55:02.632" level="INFO">Argument types are:
&lt;class 'int'&gt;
&lt;class 'str'&gt;</msg>
<msg timestamp="20241112 11:55:02.633" level="FAIL">201 != 400</msg>
<status status="FAIL" starttime="20241112 11:55:02.630" endtime="20241112 11:55:02.633"/>
</kw>
<status status="FAIL" starttime="20241112 11:55:02.628" endtime="20241112 11:55:02.634"/>
</kw>
<tag>cancellation_card</tag>
<status status="FAIL" starttime="20241112 11:55:01.419" endtime="20241112 11:55:02.636">201 != 400</status>
</test>
<test id="s1-t8" name="TC8: Validar Cancelamento Enviando &quot;cardNumber&quot; Vazio" line="53">
<kw name="Dado que altero o valor do campo cardNumber do BODY para ${EMPTY}" library="shared_keywords" sourcename="que altero o valor do campo ${field} do ${payload_reference} para ${new_value}">
<if>
<branch type="IF" condition="$payload_reference == &quot;BODY&quot;">
<kw name="Update Value To Json" library="JSONLibrary">
<var>${new_variable}</var>
<arg>${${payload_reference}}</arg>
<arg>${field}</arg>
<arg>${new_value}</arg>
<doc>Update value to JSON using JSONPath</doc>
<msg timestamp="20241112 11:55:02.689" level="INFO">${new_variable} = {'authorizationCode': '15f1a6d1f6d16', 'availableAmount': 1000, 'cancellationAmount': 500.53, 'cardNumber': '', 'depositDate': '2024-09-19', 'merchantId': '777777777', 'metadata': [{'key': 'customer_i...</msg>
<status status="PASS" starttime="20241112 11:55:02.645" endtime="20241112 11:55:02.690"/>
</kw>
<status status="PASS" starttime="20241112 11:55:02.644" endtime="20241112 11:55:02.690"/>
</branch>
<branch type="ELSE IF" condition="$payload_reference == &quot;Path Parameter&quot;">
<kw name="Set Test Variable" library="BuiltIn">
<arg>${payload_reference}</arg>
<arg>${field}</arg>
<doc>Makes a variable available everywhere within the scope of the current test.</doc>
<status status="NOT RUN" starttime="20241112 11:55:02.690" endtime="20241112 11:55:02.690"/>
</kw>
<kw name="Set Test Variable" library="BuiltIn">
<arg>${new_variable}</arg>
<arg>${new_value}</arg>
<doc>Makes a variable available everywhere within the scope of the current test.</doc>
<status status="NOT RUN" starttime="20241112 11:55:02.690" endtime="20241112 11:55:02.690"/>
</kw>
<status status="NOT RUN" starttime="20241112 11:55:02.690" endtime="20241112 11:55:02.690"/>
</branch>
<branch type="ELSE">
<kw name="Set To Dictionary" library="Collections">
<var>${new_variable}</var>
<arg>${${payload_reference}}</arg>
<arg>${field}</arg>
<arg>${new_value}</arg>
<doc>Adds the given ``key_value_pairs`` and ``items`` to the ``dictionary``.</doc>
<status status="NOT RUN" starttime="20241112 11:55:02.691" endtime="20241112 11:55:02.691"/>
</kw>
<status status="NOT RUN" starttime="20241112 11:55:02.690" endtime="20241112 11:55:02.691"/>
</branch>
<status status="PASS" starttime="20241112 11:55:02.643" endtime="20241112 11:55:02.691"/>
</if>
<kw name="Set Test Variable" library="BuiltIn">
<arg>${${payload_reference}}</arg>
<arg>${new_variable}</arg>
<doc>Makes a variable available everywhere within the scope of the current test.</doc>
<msg timestamp="20241112 11:55:02.691" level="INFO">${BODY} = {'authorizationCode': '15f1a6d1f6d16', 'availableAmount': 1000, 'cancellationAmount': 500.53, 'cardNumber': '', 'depositDate': '2024-09-19', 'merchantId': '777777777', 'metadata': [{'key': 'customer_i...</msg>
<status status="PASS" starttime="20241112 11:55:02.691" endtime="20241112 11:55:02.691"/>
</kw>
<status status="PASS" starttime="20241112 11:55:02.642" endtime="20241112 11:55:02.692"/>
</kw>
<kw name="Quando que realizo a requisição do tipo POST para /cancellation" library="cancellation">
<doc>Keyword responsável por realizar a requisição do tipo POST para o endpoint /cancellation</doc>
<kw name="POST" library="RequestsLibrary">
<var>${RESPONSE}</var>
<arg>https://hcancelamento-transacao.produto-financeiro.grupoboticario.digital/cancellation</arg>
<arg>json=${BODY}</arg>
<arg>expected_status=any</arg>
<doc>Sends a POST request.</doc>
<msg timestamp="20241112 11:55:03.461" level="INFO">POST Request : url=https://hcancelamento-transacao.produto-financeiro.grupoboticario.digital/cancellation 
 path_url=/cancellation 
 headers={'User-Agent': 'python-requests/2.28.1', 'Accept-Encoding': 'gzip, deflate', 'Accept': '*/*', 'Connection': 'keep-alive', 'Content-Length': '552', 'Content-Type': 'application/json'} 
 body=b'{"authorizationCode": "15f1a6d1f6d16", "availableAmount": 1000, "cancellationAmount": 500.53, "cardNumber": "", "depositDate": "2024-09-19", "merchantId": "777777777", "metadata": [{"key": "customer_id", "value": "123456"}, {"key": "outro_dado", "value": "4fda156f16ds"}], "nsu": "156165161615", "nsuHost": "16516516516", "provider": "CIELO", "saleId": "16516", "tid": "b3da3f31-9c0a-4da2-9b19-bc1ce4391f6c", "transactionAmount": 1245.67, "transactionDate": "2024-09-19", "transactionGroup": "165165", "transactionStatusId": 2, "transactionType": "CC"}' 
 </msg>
<msg timestamp="20241112 11:55:03.461" level="INFO">POST Response : url=https://hcancelamento-transacao.produto-financeiro.grupoboticario.digital/cancellation 
 status=400, reason= 
 headers={'Date': 'Tue, 12 Nov 2024 14:55:02 GMT', 'Content-Type': 'application/json', 'Transfer-Encoding': 'chunked', 'Connection': 'keep-alive'} 
 body={"status":400,"errors":[{"code":"CT001","message":"cardNumber: must not be null or blank"}]} 
 </msg>
<msg timestamp="20241112 11:55:03.462" level="INFO">${RESPONSE} = &lt;Response [400]&gt;</msg>
<status status="PASS" starttime="20241112 11:55:02.693" endtime="20241112 11:55:03.462"/>
</kw>
<kw name="Set Test Variable" library="BuiltIn">
<arg>${RESPONSE}</arg>
<arg>${RESPONSE}</arg>
<doc>Makes a variable available everywhere within the scope of the current test.</doc>
<msg timestamp="20241112 11:55:03.462" level="INFO">${RESPONSE} = &lt;Response [400]&gt;</msg>
<status status="PASS" starttime="20241112 11:55:03.462" endtime="20241112 11:55:03.462"/>
</kw>
<status status="PASS" starttime="20241112 11:55:02.692" endtime="20241112 11:55:03.463"/>
</kw>
<kw name="Então o status code deve ser 400" library="shared_keywords" sourcename="o status code deve ser ${status_code}">
<kw name="Should Be Equal As Integers" library="BuiltIn">
<arg>${RESPONSE.status_code}</arg>
<arg>${status_code}</arg>
<doc>Fails if objects are unequal after converting them to integers.</doc>
<msg timestamp="20241112 11:55:03.465" level="INFO">Argument types are:
&lt;class 'int'&gt;
&lt;class 'str'&gt;</msg>
<status status="PASS" starttime="20241112 11:55:03.464" endtime="20241112 11:55:03.466"/>
</kw>
<status status="PASS" starttime="20241112 11:55:03.464" endtime="20241112 11:55:03.466"/>
</kw>
<tag>cancellation_card</tag>
<status status="PASS" starttime="20241112 11:55:02.640" endtime="20241112 11:55:03.467"/>
</test>
<test id="s1-t9" name="TC9: Validar Cancelamento Enviando &quot;authorizationCode&quot; Vazio" line="59">
<kw name="Dado que altero o valor do campo authorizationCode do BODY para ${EMPTY}" library="shared_keywords" sourcename="que altero o valor do campo ${field} do ${payload_reference} para ${new_value}">
<if>
<branch type="IF" condition="$payload_reference == &quot;BODY&quot;">
<kw name="Update Value To Json" library="JSONLibrary">
<var>${new_variable}</var>
<arg>${${payload_reference}}</arg>
<arg>${field}</arg>
<arg>${new_value}</arg>
<doc>Update value to JSON using JSONPath</doc>
<msg timestamp="20241112 11:55:03.526" level="INFO">${new_variable} = {'authorizationCode': '', 'availableAmount': 1000, 'cancellationAmount': 500.53, 'cardNumber': '16151*16165', 'depositDate': '2024-09-19', 'merchantId': '777777777', 'metadata': [{'key': 'customer_id'...</msg>
<status status="PASS" starttime="20241112 11:55:03.475" endtime="20241112 11:55:03.527"/>
</kw>
<status status="PASS" starttime="20241112 11:55:03.475" endtime="20241112 11:55:03.527"/>
</branch>
<branch type="ELSE IF" condition="$payload_reference == &quot;Path Parameter&quot;">
<kw name="Set Test Variable" library="BuiltIn">
<arg>${payload_reference}</arg>
<arg>${field}</arg>
<doc>Makes a variable available everywhere within the scope of the current test.</doc>
<status status="NOT RUN" starttime="20241112 11:55:03.527" endtime="20241112 11:55:03.527"/>
</kw>
<kw name="Set Test Variable" library="BuiltIn">
<arg>${new_variable}</arg>
<arg>${new_value}</arg>
<doc>Makes a variable available everywhere within the scope of the current test.</doc>
<status status="NOT RUN" starttime="20241112 11:55:03.527" endtime="20241112 11:55:03.527"/>
</kw>
<status status="NOT RUN" starttime="20241112 11:55:03.527" endtime="20241112 11:55:03.527"/>
</branch>
<branch type="ELSE">
<kw name="Set To Dictionary" library="Collections">
<var>${new_variable}</var>
<arg>${${payload_reference}}</arg>
<arg>${field}</arg>
<arg>${new_value}</arg>
<doc>Adds the given ``key_value_pairs`` and ``items`` to the ``dictionary``.</doc>
<status status="NOT RUN" starttime="20241112 11:55:03.527" endtime="20241112 11:55:03.527"/>
</kw>
<status status="NOT RUN" starttime="20241112 11:55:03.527" endtime="20241112 11:55:03.527"/>
</branch>
<status status="PASS" starttime="20241112 11:55:03.475" endtime="20241112 11:55:03.527"/>
</if>
<kw name="Set Test Variable" library="BuiltIn">
<arg>${${payload_reference}}</arg>
<arg>${new_variable}</arg>
<doc>Makes a variable available everywhere within the scope of the current test.</doc>
<msg timestamp="20241112 11:55:03.528" level="INFO">${BODY} = {'authorizationCode': '', 'availableAmount': 1000, 'cancellationAmount': 500.53, 'cardNumber': '16151*16165', 'depositDate': '2024-09-19', 'merchantId': '777777777', 'metadata': [{'key': 'customer_id'...</msg>
<status status="PASS" starttime="20241112 11:55:03.527" endtime="20241112 11:55:03.528"/>
</kw>
<status status="PASS" starttime="20241112 11:55:03.473" endtime="20241112 11:55:03.528"/>
</kw>
<kw name="Quando que realizo a requisição do tipo POST para /cancellation" library="cancellation">
<doc>Keyword responsável por realizar a requisição do tipo POST para o endpoint /cancellation</doc>
<kw name="POST" library="RequestsLibrary">
<var>${RESPONSE}</var>
<arg>https://hcancelamento-transacao.produto-financeiro.grupoboticario.digital/cancellation</arg>
<arg>json=${BODY}</arg>
<arg>expected_status=any</arg>
<doc>Sends a POST request.</doc>
<msg timestamp="20241112 11:55:04.350" level="INFO">POST Request : url=https://hcancelamento-transacao.produto-financeiro.grupoboticario.digital/cancellation 
 path_url=/cancellation 
 headers={'User-Agent': 'python-requests/2.28.1', 'Accept-Encoding': 'gzip, deflate', 'Accept': '*/*', 'Connection': 'keep-alive', 'Content-Length': '550', 'Content-Type': 'application/json'} 
 body=b'{"authorizationCode": "", "availableAmount": 1000, "cancellationAmount": 500.53, "cardNumber": "16151*16165", "depositDate": "2024-09-19", "merchantId": "777777777", "metadata": [{"key": "customer_id", "value": "123456"}, {"key": "outro_dado", "value": "4fda156f16ds"}], "nsu": "156165161615", "nsuHost": "16516516516", "provider": "CIELO", "saleId": "16516", "tid": "b3da3f31-9c0a-4da2-9b19-bc1ce4391f6c", "transactionAmount": 1245.67, "transactionDate": "2024-09-19", "transactionGroup": "165165", "transactionStatusId": 2, "transactionType": "CC"}' 
 </msg>
<msg timestamp="20241112 11:55:04.350" level="INFO">POST Response : url=https://hcancelamento-transacao.produto-financeiro.grupoboticario.digital/cancellation 
 status=201, reason= 
 headers={'Date': 'Tue, 12 Nov 2024 14:55:03 GMT', 'Content-Type': 'application/json', 'Transfer-Encoding': 'chunked', 'Connection': 'keep-alive'} 
 body={"cancellationCode":"31acc308-051b-4f93-9bad-4f5420b891d9"} 
 </msg>
<msg timestamp="20241112 11:55:04.351" level="INFO">${RESPONSE} = &lt;Response [201]&gt;</msg>
<status status="PASS" starttime="20241112 11:55:03.530" endtime="20241112 11:55:04.351"/>
</kw>
<kw name="Set Test Variable" library="BuiltIn">
<arg>${RESPONSE}</arg>
<arg>${RESPONSE}</arg>
<doc>Makes a variable available everywhere within the scope of the current test.</doc>
<msg timestamp="20241112 11:55:04.356" level="INFO">${RESPONSE} = &lt;Response [201]&gt;</msg>
<status status="PASS" starttime="20241112 11:55:04.353" endtime="20241112 11:55:04.357"/>
</kw>
<status status="PASS" starttime="20241112 11:55:03.529" endtime="20241112 11:55:04.357"/>
</kw>
<kw name="Então o status code deve ser 400" library="shared_keywords" sourcename="o status code deve ser ${status_code}">
<kw name="Should Be Equal As Integers" library="BuiltIn">
<arg>${RESPONSE.status_code}</arg>
<arg>${status_code}</arg>
<doc>Fails if objects are unequal after converting them to integers.</doc>
<msg timestamp="20241112 11:55:04.366" level="INFO">Argument types are:
&lt;class 'int'&gt;
&lt;class 'str'&gt;</msg>
<msg timestamp="20241112 11:55:04.366" level="FAIL">201 != 400</msg>
<status status="FAIL" starttime="20241112 11:55:04.362" endtime="20241112 11:55:04.367"/>
</kw>
<status status="FAIL" starttime="20241112 11:55:04.360" endtime="20241112 11:55:04.367"/>
</kw>
<tag>cancellation_card</tag>
<status status="FAIL" starttime="20241112 11:55:03.471" endtime="20241112 11:55:04.370">201 != 400</status>
</test>
<test id="s1-t10" name="TC10: Validar Cancelamento Enviando &quot;transactionDate&quot; Vazio" line="65">
<kw name="Dado que altero o valor do campo transactionDate do BODY para ${EMPTY}" library="shared_keywords" sourcename="que altero o valor do campo ${field} do ${payload_reference} para ${new_value}">
<if>
<branch type="IF" condition="$payload_reference == &quot;BODY&quot;">
<kw name="Update Value To Json" library="JSONLibrary">
<var>${new_variable}</var>
<arg>${${payload_reference}}</arg>
<arg>${field}</arg>
<arg>${new_value}</arg>
<doc>Update value to JSON using JSONPath</doc>
<msg timestamp="20241112 11:55:04.439" level="INFO">${new_variable} = {'authorizationCode': '15f1a6d1f6d16', 'availableAmount': 1000, 'cancellationAmount': 500.53, 'cardNumber': '16151*16165', 'depositDate': '2024-09-19', 'merchantId': '777777777', 'metadata': [{'key': ...</msg>
<status status="PASS" starttime="20241112 11:55:04.393" endtime="20241112 11:55:04.439"/>
</kw>
<status status="PASS" starttime="20241112 11:55:04.392" endtime="20241112 11:55:04.439"/>
</branch>
<branch type="ELSE IF" condition="$payload_reference == &quot;Path Parameter&quot;">
<kw name="Set Test Variable" library="BuiltIn">
<arg>${payload_reference}</arg>
<arg>${field}</arg>
<doc>Makes a variable available everywhere within the scope of the current test.</doc>
<status status="NOT RUN" starttime="20241112 11:55:04.440" endtime="20241112 11:55:04.440"/>
</kw>
<kw name="Set Test Variable" library="BuiltIn">
<arg>${new_variable}</arg>
<arg>${new_value}</arg>
<doc>Makes a variable available everywhere within the scope of the current test.</doc>
<status status="NOT RUN" starttime="20241112 11:55:04.440" endtime="20241112 11:55:04.440"/>
</kw>
<status status="NOT RUN" starttime="20241112 11:55:04.439" endtime="20241112 11:55:04.440"/>
</branch>
<branch type="ELSE">
<kw name="Set To Dictionary" library="Collections">
<var>${new_variable}</var>
<arg>${${payload_reference}}</arg>
<arg>${field}</arg>
<arg>${new_value}</arg>
<doc>Adds the given ``key_value_pairs`` and ``items`` to the ``dictionary``.</doc>
<status status="NOT RUN" starttime="20241112 11:55:04.440" endtime="20241112 11:55:04.440"/>
</kw>
<status status="NOT RUN" starttime="20241112 11:55:04.440" endtime="20241112 11:55:04.440"/>
</branch>
<status status="PASS" starttime="20241112 11:55:04.391" endtime="20241112 11:55:04.440"/>
</if>
<kw name="Set Test Variable" library="BuiltIn">
<arg>${${payload_reference}}</arg>
<arg>${new_variable}</arg>
<doc>Makes a variable available everywhere within the scope of the current test.</doc>
<msg timestamp="20241112 11:55:04.441" level="INFO">${BODY} = {'authorizationCode': '15f1a6d1f6d16', 'availableAmount': 1000, 'cancellationAmount': 500.53, 'cardNumber': '16151*16165', 'depositDate': '2024-09-19', 'merchantId': '777777777', 'metadata': [{'key': ...</msg>
<status status="PASS" starttime="20241112 11:55:04.440" endtime="20241112 11:55:04.441"/>
</kw>
<status status="PASS" starttime="20241112 11:55:04.382" endtime="20241112 11:55:04.441"/>
</kw>
<kw name="Quando que realizo a requisição do tipo POST para /cancellation" library="cancellation">
<doc>Keyword responsável por realizar a requisição do tipo POST para o endpoint /cancellation</doc>
<kw name="POST" library="RequestsLibrary">
<var>${RESPONSE}</var>
<arg>https://hcancelamento-transacao.produto-financeiro.grupoboticario.digital/cancellation</arg>
<arg>json=${BODY}</arg>
<arg>expected_status=any</arg>
<doc>Sends a POST request.</doc>
<msg timestamp="20241112 11:55:05.190" level="INFO">POST Request : url=https://hcancelamento-transacao.produto-financeiro.grupoboticario.digital/cancellation 
 path_url=/cancellation 
 headers={'User-Agent': 'python-requests/2.28.1', 'Accept-Encoding': 'gzip, deflate', 'Accept': '*/*', 'Connection': 'keep-alive', 'Content-Length': '553', 'Content-Type': 'application/json'} 
 body=b'{"authorizationCode": "15f1a6d1f6d16", "availableAmount": 1000, "cancellationAmount": 500.53, "cardNumber": "16151*16165", "depositDate": "2024-09-19", "merchantId": "777777777", "metadata": [{"key": "customer_id", "value": "123456"}, {"key": "outro_dado", "value": "4fda156f16ds"}], "nsu": "156165161615", "nsuHost": "16516516516", "provider": "CIELO", "saleId": "16516", "tid": "b3da3f31-9c0a-4da2-9b19-bc1ce4391f6c", "transactionAmount": 1245.67, "transactionDate": "", "transactionGroup": "165165", "transactionStatusId": 2, "transactionType": "CC"}' 
 </msg>
<msg timestamp="20241112 11:55:05.190" level="INFO">POST Response : url=https://hcancelamento-transacao.produto-financeiro.grupoboticario.digital/cancellation 
 status=400, reason= 
 headers={'Date': 'Tue, 12 Nov 2024 14:55:04 GMT', 'Content-Type': 'application/json', 'Transfer-Encoding': 'chunked', 'Connection': 'keep-alive'} 
 body={"status":400,"errors":[{"code":"CT001","message":"transactionDate: must not be null"}]} 
 </msg>
<msg timestamp="20241112 11:55:05.191" level="INFO">${RESPONSE} = &lt;Response [400]&gt;</msg>
<status status="PASS" starttime="20241112 11:55:04.442" endtime="20241112 11:55:05.191"/>
</kw>
<kw name="Set Test Variable" library="BuiltIn">
<arg>${RESPONSE}</arg>
<arg>${RESPONSE}</arg>
<doc>Makes a variable available everywhere within the scope of the current test.</doc>
<msg timestamp="20241112 11:55:05.191" level="INFO">${RESPONSE} = &lt;Response [400]&gt;</msg>
<status status="PASS" starttime="20241112 11:55:05.191" endtime="20241112 11:55:05.191"/>
</kw>
<status status="PASS" starttime="20241112 11:55:04.442" endtime="20241112 11:55:05.192"/>
</kw>
<kw name="Então o status code deve ser 400" library="shared_keywords" sourcename="o status code deve ser ${status_code}">
<kw name="Should Be Equal As Integers" library="BuiltIn">
<arg>${RESPONSE.status_code}</arg>
<arg>${status_code}</arg>
<doc>Fails if objects are unequal after converting them to integers.</doc>
<msg timestamp="20241112 11:55:05.194" level="INFO">Argument types are:
&lt;class 'int'&gt;
&lt;class 'str'&gt;</msg>
<status status="PASS" starttime="20241112 11:55:05.193" endtime="20241112 11:55:05.194"/>
</kw>
<status status="PASS" starttime="20241112 11:55:05.192" endtime="20241112 11:55:05.194"/>
</kw>
<tag>cancellation_card</tag>
<status status="PASS" starttime="20241112 11:55:04.379" endtime="20241112 11:55:05.195"/>
</test>
<test id="s1-t11" name="TC11: Validar Cancelamento Enviando &quot;transactionDate&quot; Alfabético" line="71">
<kw name="Dado que altero o valor do campo transactionDate do BODY para teste" library="shared_keywords" sourcename="que altero o valor do campo ${field} do ${payload_reference} para ${new_value}">
<if>
<branch type="IF" condition="$payload_reference == &quot;BODY&quot;">
<kw name="Update Value To Json" library="JSONLibrary">
<var>${new_variable}</var>
<arg>${${payload_reference}}</arg>
<arg>${field}</arg>
<arg>${new_value}</arg>
<doc>Update value to JSON using JSONPath</doc>
<msg timestamp="20241112 11:55:05.235" level="INFO">${new_variable} = {'authorizationCode': '15f1a6d1f6d16', 'availableAmount': 1000, 'cancellationAmount': 500.53, 'cardNumber': '16151*16165', 'depositDate': '2024-09-19', 'merchantId': '777777777', 'metadata': [{'key': ...</msg>
<status status="PASS" starttime="20241112 11:55:05.197" endtime="20241112 11:55:05.235"/>
</kw>
<status status="PASS" starttime="20241112 11:55:05.197" endtime="20241112 11:55:05.235"/>
</branch>
<branch type="ELSE IF" condition="$payload_reference == &quot;Path Parameter&quot;">
<kw name="Set Test Variable" library="BuiltIn">
<arg>${payload_reference}</arg>
<arg>${field}</arg>
<doc>Makes a variable available everywhere within the scope of the current test.</doc>
<status status="NOT RUN" starttime="20241112 11:55:05.237" endtime="20241112 11:55:05.237"/>
</kw>
<kw name="Set Test Variable" library="BuiltIn">
<arg>${new_variable}</arg>
<arg>${new_value}</arg>
<doc>Makes a variable available everywhere within the scope of the current test.</doc>
<status status="NOT RUN" starttime="20241112 11:55:05.237" endtime="20241112 11:55:05.238"/>
</kw>
<status status="NOT RUN" starttime="20241112 11:55:05.235" endtime="20241112 11:55:05.238"/>
</branch>
<branch type="ELSE">
<kw name="Set To Dictionary" library="Collections">
<var>${new_variable}</var>
<arg>${${payload_reference}}</arg>
<arg>${field}</arg>
<arg>${new_value}</arg>
<doc>Adds the given ``key_value_pairs`` and ``items`` to the ``dictionary``.</doc>
<status status="NOT RUN" starttime="20241112 11:55:05.238" endtime="20241112 11:55:05.239"/>
</kw>
<status status="NOT RUN" starttime="20241112 11:55:05.238" endtime="20241112 11:55:05.239"/>
</branch>
<status status="PASS" starttime="20241112 11:55:05.197" endtime="20241112 11:55:05.239"/>
</if>
<kw name="Set Test Variable" library="BuiltIn">
<arg>${${payload_reference}}</arg>
<arg>${new_variable}</arg>
<doc>Makes a variable available everywhere within the scope of the current test.</doc>
<msg timestamp="20241112 11:55:05.241" level="INFO">${BODY} = {'authorizationCode': '15f1a6d1f6d16', 'availableAmount': 1000, 'cancellationAmount': 500.53, 'cardNumber': '16151*16165', 'depositDate': '2024-09-19', 'merchantId': '777777777', 'metadata': [{'key': ...</msg>
<status status="PASS" starttime="20241112 11:55:05.240" endtime="20241112 11:55:05.241"/>
</kw>
<status status="PASS" starttime="20241112 11:55:05.197" endtime="20241112 11:55:05.241"/>
</kw>
<kw name="Quando que realizo a requisição do tipo POST para /cancellation" library="cancellation">
<doc>Keyword responsável por realizar a requisição do tipo POST para o endpoint /cancellation</doc>
<kw name="POST" library="RequestsLibrary">
<var>${RESPONSE}</var>
<arg>https://hcancelamento-transacao.produto-financeiro.grupoboticario.digital/cancellation</arg>
<arg>json=${BODY}</arg>
<arg>expected_status=any</arg>
<doc>Sends a POST request.</doc>
<msg timestamp="20241112 11:55:06.077" level="INFO">POST Request : url=https://hcancelamento-transacao.produto-financeiro.grupoboticario.digital/cancellation 
 path_url=/cancellation 
 headers={'User-Agent': 'python-requests/2.28.1', 'Accept-Encoding': 'gzip, deflate', 'Accept': '*/*', 'Connection': 'keep-alive', 'Content-Length': '558', 'Content-Type': 'application/json'} 
 body=b'{"authorizationCode": "15f1a6d1f6d16", "availableAmount": 1000, "cancellationAmount": 500.53, "cardNumber": "16151*16165", "depositDate": "2024-09-19", "merchantId": "777777777", "metadata": [{"key": "customer_id", "value": "123456"}, {"key": "outro_dado", "value": "4fda156f16ds"}], "nsu": "156165161615", "nsuHost": "16516516516", "provider": "CIELO", "saleId": "16516", "tid": "b3da3f31-9c0a-4da2-9b19-bc1ce4391f6c", "transactionAmount": 1245.67, "transactionDate": "teste", "transactionGroup": "165165", "transactionStatusId": 2, "transactionType": "CC"}' 
 </msg>
<msg timestamp="20241112 11:55:06.077" level="INFO">POST Response : url=https://hcancelamento-transacao.produto-financeiro.grupoboticario.digital/cancellation 
 status=400, reason= 
 headers={'Date': 'Tue, 12 Nov 2024 14:55:05 GMT', 'Content-Type': 'application/json', 'Transfer-Encoding': 'chunked', 'Connection': 'keep-alive'} 
 body={"timestamp":"2024-11-12T11:55:05.344Z","status":400,"error":"Bad Request","path":"/cancellation"} 
 </msg>
<msg timestamp="20241112 11:55:06.077" level="INFO">${RESPONSE} = &lt;Response [400]&gt;</msg>
<status status="PASS" starttime="20241112 11:55:05.242" endtime="20241112 11:55:06.077"/>
</kw>
<kw name="Set Test Variable" library="BuiltIn">
<arg>${RESPONSE}</arg>
<arg>${RESPONSE}</arg>
<doc>Makes a variable available everywhere within the scope of the current test.</doc>
<msg timestamp="20241112 11:55:06.078" level="INFO">${RESPONSE} = &lt;Response [400]&gt;</msg>
<status status="PASS" starttime="20241112 11:55:06.078" endtime="20241112 11:55:06.078"/>
</kw>
<status status="PASS" starttime="20241112 11:55:05.242" endtime="20241112 11:55:06.079"/>
</kw>
<kw name="Então o status code deve ser 400" library="shared_keywords" sourcename="o status code deve ser ${status_code}">
<kw name="Should Be Equal As Integers" library="BuiltIn">
<arg>${RESPONSE.status_code}</arg>
<arg>${status_code}</arg>
<doc>Fails if objects are unequal after converting them to integers.</doc>
<msg timestamp="20241112 11:55:06.083" level="INFO">Argument types are:
&lt;class 'int'&gt;
&lt;class 'str'&gt;</msg>
<status status="PASS" starttime="20241112 11:55:06.081" endtime="20241112 11:55:06.083"/>
</kw>
<status status="PASS" starttime="20241112 11:55:06.080" endtime="20241112 11:55:06.083"/>
</kw>
<tag>cancellation_card</tag>
<status status="PASS" starttime="20241112 11:55:05.196" endtime="20241112 11:55:06.084"/>
</test>
<test id="s1-t12" name="TC12: Validar Cancelamento Enviando &quot;transactionDate&quot; Com Uma Data Futura" line="77">
<kw name="Dado que altero o valor do campo transactionDate do BODY para 2024-10-19" library="shared_keywords" sourcename="que altero o valor do campo ${field} do ${payload_reference} para ${new_value}">
<if>
<branch type="IF" condition="$payload_reference == &quot;BODY&quot;">
<kw name="Update Value To Json" library="JSONLibrary">
<var>${new_variable}</var>
<arg>${${payload_reference}}</arg>
<arg>${field}</arg>
<arg>${new_value}</arg>
<doc>Update value to JSON using JSONPath</doc>
<msg timestamp="20241112 11:55:06.122" level="INFO">${new_variable} = {'authorizationCode': '15f1a6d1f6d16', 'availableAmount': 1000, 'cancellationAmount': 500.53, 'cardNumber': '16151*16165', 'depositDate': '2024-09-19', 'merchantId': '777777777', 'metadata': [{'key': ...</msg>
<status status="PASS" starttime="20241112 11:55:06.089" endtime="20241112 11:55:06.122"/>
</kw>
<status status="PASS" starttime="20241112 11:55:06.089" endtime="20241112 11:55:06.122"/>
</branch>
<branch type="ELSE IF" condition="$payload_reference == &quot;Path Parameter&quot;">
<kw name="Set Test Variable" library="BuiltIn">
<arg>${payload_reference}</arg>
<arg>${field}</arg>
<doc>Makes a variable available everywhere within the scope of the current test.</doc>
<status status="NOT RUN" starttime="20241112 11:55:06.122" endtime="20241112 11:55:06.122"/>
</kw>
<kw name="Set Test Variable" library="BuiltIn">
<arg>${new_variable}</arg>
<arg>${new_value}</arg>
<doc>Makes a variable available everywhere within the scope of the current test.</doc>
<status status="NOT RUN" starttime="20241112 11:55:06.123" endtime="20241112 11:55:06.123"/>
</kw>
<status status="NOT RUN" starttime="20241112 11:55:06.122" endtime="20241112 11:55:06.123"/>
</branch>
<branch type="ELSE">
<kw name="Set To Dictionary" library="Collections">
<var>${new_variable}</var>
<arg>${${payload_reference}}</arg>
<arg>${field}</arg>
<arg>${new_value}</arg>
<doc>Adds the given ``key_value_pairs`` and ``items`` to the ``dictionary``.</doc>
<status status="NOT RUN" starttime="20241112 11:55:06.123" endtime="20241112 11:55:06.123"/>
</kw>
<status status="NOT RUN" starttime="20241112 11:55:06.123" endtime="20241112 11:55:06.123"/>
</branch>
<status status="PASS" starttime="20241112 11:55:06.089" endtime="20241112 11:55:06.123"/>
</if>
<kw name="Set Test Variable" library="BuiltIn">
<arg>${${payload_reference}}</arg>
<arg>${new_variable}</arg>
<doc>Makes a variable available everywhere within the scope of the current test.</doc>
<msg timestamp="20241112 11:55:06.124" level="INFO">${BODY} = {'authorizationCode': '15f1a6d1f6d16', 'availableAmount': 1000, 'cancellationAmount': 500.53, 'cardNumber': '16151*16165', 'depositDate': '2024-09-19', 'merchantId': '777777777', 'metadata': [{'key': ...</msg>
<status status="PASS" starttime="20241112 11:55:06.123" endtime="20241112 11:55:06.124"/>
</kw>
<status status="PASS" starttime="20241112 11:55:06.088" endtime="20241112 11:55:06.124"/>
</kw>
<kw name="Quando que realizo a requisição do tipo POST para /cancellation" library="cancellation">
<doc>Keyword responsável por realizar a requisição do tipo POST para o endpoint /cancellation</doc>
<kw name="POST" library="RequestsLibrary">
<var>${RESPONSE}</var>
<arg>https://hcancelamento-transacao.produto-financeiro.grupoboticario.digital/cancellation</arg>
<arg>json=${BODY}</arg>
<arg>expected_status=any</arg>
<doc>Sends a POST request.</doc>
<msg timestamp="20241112 11:55:06.890" level="INFO">POST Request : url=https://hcancelamento-transacao.produto-financeiro.grupoboticario.digital/cancellation 
 path_url=/cancellation 
 headers={'User-Agent': 'python-requests/2.28.1', 'Accept-Encoding': 'gzip, deflate', 'Accept': '*/*', 'Connection': 'keep-alive', 'Content-Length': '563', 'Content-Type': 'application/json'} 
 body=b'{"authorizationCode": "15f1a6d1f6d16", "availableAmount": 1000, "cancellationAmount": 500.53, "cardNumber": "16151*16165", "depositDate": "2024-09-19", "merchantId": "777777777", "metadata": [{"key": "customer_id", "value": "123456"}, {"key": "outro_dado", "value": "4fda156f16ds"}], "nsu": "156165161615", "nsuHost": "16516516516", "provider": "CIELO", "saleId": "16516", "tid": "b3da3f31-9c0a-4da2-9b19-bc1ce4391f6c", "transactionAmount": 1245.67, "transactionDate": "2024-10-19", "transactionGroup": "165165", "transactionStatusId": 2, "transactionType": "CC"}' 
 </msg>
<msg timestamp="20241112 11:55:06.890" level="INFO">POST Response : url=https://hcancelamento-transacao.produto-financeiro.grupoboticario.digital/cancellation 
 status=201, reason= 
 headers={'Date': 'Tue, 12 Nov 2024 14:55:06 GMT', 'Content-Type': 'application/json', 'Transfer-Encoding': 'chunked', 'Connection': 'keep-alive'} 
 body={"cancellationCode":"b05e90ae-c20f-4ccb-956a-67712c8c3496"} 
 </msg>
<msg timestamp="20241112 11:55:06.891" level="INFO">${RESPONSE} = &lt;Response [201]&gt;</msg>
<status status="PASS" starttime="20241112 11:55:06.125" endtime="20241112 11:55:06.891"/>
</kw>
<kw name="Set Test Variable" library="BuiltIn">
<arg>${RESPONSE}</arg>
<arg>${RESPONSE}</arg>
<doc>Makes a variable available everywhere within the scope of the current test.</doc>
<msg timestamp="20241112 11:55:06.893" level="INFO">${RESPONSE} = &lt;Response [201]&gt;</msg>
<status status="PASS" starttime="20241112 11:55:06.892" endtime="20241112 11:55:06.893"/>
</kw>
<status status="PASS" starttime="20241112 11:55:06.125" endtime="20241112 11:55:06.894"/>
</kw>
<kw name="Então o status code deve ser 200" library="shared_keywords" sourcename="o status code deve ser ${status_code}">
<kw name="Should Be Equal As Integers" library="BuiltIn">
<arg>${RESPONSE.status_code}</arg>
<arg>${status_code}</arg>
<doc>Fails if objects are unequal after converting them to integers.</doc>
<msg timestamp="20241112 11:55:06.897" level="INFO">Argument types are:
&lt;class 'int'&gt;
&lt;class 'str'&gt;</msg>
<msg timestamp="20241112 11:55:06.897" level="FAIL">201 != 200</msg>
<status status="FAIL" starttime="20241112 11:55:06.896" endtime="20241112 11:55:06.897"/>
</kw>
<status status="FAIL" starttime="20241112 11:55:06.895" endtime="20241112 11:55:06.898"/>
</kw>
<tag>cancellation_card</tag>
<status status="FAIL" starttime="20241112 11:55:06.086" endtime="20241112 11:55:06.898">201 != 200</status>
</test>
<test id="s1-t13" name="TC13: Validar Cancelamento Enviando &quot;transactionDate&quot; Com Uma Data Passada" line="83">
<kw name="Dado que altero o valor do campo transactionDate do BODY para 2023-10-19" library="shared_keywords" sourcename="que altero o valor do campo ${field} do ${payload_reference} para ${new_value}">
<if>
<branch type="IF" condition="$payload_reference == &quot;BODY&quot;">
<kw name="Update Value To Json" library="JSONLibrary">
<var>${new_variable}</var>
<arg>${${payload_reference}}</arg>
<arg>${field}</arg>
<arg>${new_value}</arg>
<doc>Update value to JSON using JSONPath</doc>
<msg timestamp="20241112 11:55:06.948" level="INFO">${new_variable} = {'authorizationCode': '15f1a6d1f6d16', 'availableAmount': 1000, 'cancellationAmount': 500.53, 'cardNumber': '16151*16165', 'depositDate': '2024-09-19', 'merchantId': '777777777', 'metadata': [{'key': ...</msg>
<status status="PASS" starttime="20241112 11:55:06.903" endtime="20241112 11:55:06.949"/>
</kw>
<status status="PASS" starttime="20241112 11:55:06.903" endtime="20241112 11:55:06.949"/>
</branch>
<branch type="ELSE IF" condition="$payload_reference == &quot;Path Parameter&quot;">
<kw name="Set Test Variable" library="BuiltIn">
<arg>${payload_reference}</arg>
<arg>${field}</arg>
<doc>Makes a variable available everywhere within the scope of the current test.</doc>
<status status="NOT RUN" starttime="20241112 11:55:06.949" endtime="20241112 11:55:06.949"/>
</kw>
[...]
<msg timestamp="20241112 11:55:46.519" level="INFO">${BODY} = {'authorizationCode': '15f1a6d1f6d16', 'availableAmount': 1000, 'cancellationAmount': 500.53, 'e2eId': '1234', 'metadata': [{'key': 'customer_id', 'value': '123456'}, {'key': 'outro_dado', 'value': '4...</msg>
<status status="PASS" starttime="20241112 11:55:46.518" endtime="20241112 11:55:46.519"/>
</kw>
<status status="PASS" starttime="20241112 11:55:46.468" endtime="20241112 11:55:46.519"/>
</kw>
<kw name="Quando que realizo a requisição do tipo POST para /cancellation" library="cancellation">
<doc>Keyword responsável por realizar a requisição do tipo POST para o endpoint /cancellation</doc>
<kw name="POST" library="RequestsLibrary">
<var>${RESPONSE}</var>
<arg>https://hcancelamento-transacao.produto-financeiro.grupoboticario.digital/cancellation</arg>
<arg>json=${BODY}</arg>
<arg>expected_status=any</arg>
<doc>Sends a POST request.</doc>
<msg timestamp="20241112 11:55:47.285" level="INFO">POST Request : url=https://hcancelamento-transacao.produto-financeiro.grupoboticario.digital/cancellation 
 path_url=/cancellation 
 headers={'User-Agent': 'python-requests/2.28.1', 'Accept-Encoding': 'gzip, deflate', 'Accept': '*/*', 'Connection': 'keep-alive', 'Content-Length': '489', 'Content-Type': 'application/json'} 
 body=b'{"authorizationCode": "15f1a6d1f6d16", "availableAmount": 1000, "cancellationAmount": 500.53, "e2eId": "1234", "metadata": [{"key": "customer_id", "value": "123456"}, {"key": "outro_dado", "value": "4fda156f16ds"}], "provider": "BRADESCO", "saleId": "16516", "tid": "b3da3f31-9c0a-4da2-9b19-bc1ce4391f6c", "transactionAmount": 1245.67, "transactionDate": "2024-06-19", "transactionId": "0c0f0ccc-b9e7-4b44-b946-f8f13172b3d7", "transactionStatusId": 2, "transactionType": "PIX", "txId": ""}' 
 </msg>
<msg timestamp="20241112 11:55:47.286" level="INFO">POST Response : url=https://hcancelamento-transacao.produto-financeiro.grupoboticario.digital/cancellation 
 status=400, reason= 
 headers={'Date': 'Tue, 12 Nov 2024 14:55:46 GMT', 'Content-Type': 'application/json', 'Transfer-Encoding': 'chunked', 'Connection': 'keep-alive'} 
 body={"status":400,"errors":[{"code":"CT001","message":"txId: must not be null or blank"}]} 
 </msg>
<msg timestamp="20241112 11:55:47.286" level="INFO">${RESPONSE} = &lt;Response [400]&gt;</msg>
<status status="PASS" starttime="20241112 11:55:46.520" endtime="20241112 11:55:47.286"/>
</kw>
<kw name="Set Test Variable" library="BuiltIn">
<arg>${RESPONSE}</arg>
<arg>${RESPONSE}</arg>
<doc>Makes a variable available everywhere within the scope of the current test.</doc>
<msg timestamp="20241112 11:55:47.288" level="INFO">${RESPONSE} = &lt;Response [400]&gt;</msg>
<status status="PASS" starttime="20241112 11:55:47.287" endtime="20241112 11:55:47.288"/>
</kw>
<status status="PASS" starttime="20241112 11:55:46.520" endtime="20241112 11:55:47.289"/>
</kw>
<kw name="Então o status code deve ser 400" library="shared_keywords" sourcename="o status code deve ser ${status_code}">
<kw name="Should Be Equal As Integers" library="BuiltIn">
<arg>${RESPONSE.status_code}</arg>
<arg>${status_code}</arg>
<doc>Fails if objects are unequal after converting them to integers.</doc>
<msg timestamp="20241112 11:55:47.293" level="INFO">Argument types are:
&lt;class 'int'&gt;
&lt;class 'str'&gt;</msg>
<status status="PASS" starttime="20241112 11:55:47.291" endtime="20241112 11:55:47.293"/>
</kw>
<status status="PASS" starttime="20241112 11:55:47.290" endtime="20241112 11:55:47.293"/>
</kw>
<tag>cancellation_pix</tag>
<status status="PASS" starttime="20241112 11:55:46.461" endtime="20241112 11:55:47.294"/>
</test>
<test id="s1-t60" name="TC27: Validar Cancelamento Enviando &quot;e2eId&quot; Vazio" line="393">
<kw name="que eu utilize outro body" library="shared_keywords" type="SETUP">
<arg>${BODY_PATH_PIX}</arg>
<kw name="Load Json From File" library="JSONLibrary">
<var>${BODY}</var>
<arg>${BODY_PATH}</arg>
<doc>Load JSON from file.</doc>
<msg timestamp="20241112 11:55:47.301" level="INFO">${BODY} = {'authorizationCode': '15f1a6d1f6d16', 'availableAmount': 1000, 'cancellationAmount': 500.53, 'e2eId': '1234', 'metadata': [{'key': 'customer_id', 'value': '123456'}, {'key': 'outro_dado', 'value': '4...</msg>
<status status="PASS" starttime="20241112 11:55:47.299" endtime="20241112 11:55:47.301"/>
</kw>
<kw name="Set Test Variable" library="BuiltIn">
<arg>${BODY}</arg>
<doc>Makes a variable available everywhere within the scope of the current test.</doc>
<msg timestamp="20241112 11:55:47.302" level="INFO">${BODY} = {'authorizationCode': '15f1a6d1f6d16', 'availableAmount': 1000, 'cancellationAmount': 500.53, 'e2eId': '1234', 'metadata': [{'key': 'customer_id', 'value': '123456'}, {'key': 'outro_dado', 'value': '4...</msg>
<status status="PASS" starttime="20241112 11:55:47.302" endtime="20241112 11:55:47.302"/>
</kw>
<status status="PASS" starttime="20241112 11:55:47.299" endtime="20241112 11:55:47.302"/>
</kw>
<kw name="Dado que altero o valor do campo e2eId do BODY para ${EMPTY}" library="shared_keywords" sourcename="que altero o valor do campo ${field} do ${payload_reference} para ${new_value}">
<if>
<branch type="IF" condition="$payload_reference == &quot;BODY&quot;">
<kw name="Update Value To Json" library="JSONLibrary">
<var>${new_variable}</var>
<arg>${${payload_reference}}</arg>
<arg>${field}</arg>
<arg>${new_value}</arg>
<doc>Update value to JSON using JSONPath</doc>
<msg timestamp="20241112 11:55:47.341" level="INFO">${new_variable} = {'authorizationCode': '15f1a6d1f6d16', 'availableAmount': 1000, 'cancellationAmount': 500.53, 'e2eId': '', 'metadata': [{'key': 'customer_id', 'value': '123456'}, {'key': 'outro_dado', 'value': '4fda1...</msg>
<status status="PASS" starttime="20241112 11:55:47.305" endtime="20241112 11:55:47.341"/>
</kw>
<status status="PASS" starttime="20241112 11:55:47.305" endtime="20241112 11:55:47.341"/>
</branch>
<branch type="ELSE IF" condition="$payload_reference == &quot;Path Parameter&quot;">
<kw name="Set Test Variable" library="BuiltIn">
<arg>${payload_reference}</arg>
<arg>${field}</arg>
<doc>Makes a variable available everywhere within the scope of the current test.</doc>
<status status="NOT RUN" starttime="20241112 11:55:47.341" endtime="20241112 11:55:47.341"/>
</kw>
<kw name="Set Test Variable" library="BuiltIn">
<arg>${new_variable}</arg>
<arg>${new_value}</arg>
<doc>Makes a variable available everywhere within the scope of the current test.</doc>
<status status="NOT RUN" starttime="20241112 11:55:47.342" endtime="20241112 11:55:47.342"/>
</kw>
<status status="NOT RUN" starttime="20241112 11:55:47.341" endtime="20241112 11:55:47.342"/>
</branch>
<branch type="ELSE">
<kw name="Set To Dictionary" library="Collections">
<var>${new_variable}</var>
<arg>${${payload_reference}}</arg>
<arg>${field}</arg>
<arg>${new_value}</arg>
<doc>Adds the given ``key_value_pairs`` and ``items`` to the ``dictionary``.</doc>
<status status="NOT RUN" starttime="20241112 11:55:47.342" endtime="20241112 11:55:47.342"/>
</kw>
<status status="NOT RUN" starttime="20241112 11:55:47.342" endtime="20241112 11:55:47.342"/>
</branch>
<status status="PASS" starttime="20241112 11:55:47.305" endtime="20241112 11:55:47.342"/>
</if>
<kw name="Set Test Variable" library="BuiltIn">
<arg>${${payload_reference}}</arg>
<arg>${new_variable}</arg>
<doc>Makes a variable available everywhere within the scope of the current test.</doc>
<msg timestamp="20241112 11:55:47.342" level="INFO">${BODY} = {'authorizationCode': '15f1a6d1f6d16', 'availableAmount': 1000, 'cancellationAmount': 500.53, 'e2eId': '', 'metadata': [{'key': 'customer_id', 'value': '123456'}, {'key': 'outro_dado', 'value': '4fda1...</msg>
<status status="PASS" starttime="20241112 11:55:47.342" endtime="20241112 11:55:47.343"/>
</kw>
<status status="PASS" starttime="20241112 11:55:47.303" endtime="20241112 11:55:47.343"/>
</kw>
<kw name="Quando que realizo a requisição do tipo POST para /cancellation" library="cancellation">
<doc>Keyword responsável por realizar a requisição do tipo POST para o endpoint /cancellation</doc>
<kw name="POST" library="RequestsLibrary">
<var>${RESPONSE}</var>
<arg>https://hcancelamento-transacao.produto-financeiro.grupoboticario.digital/cancellation</arg>
<arg>json=${BODY}</arg>
<arg>expected_status=any</arg>
<doc>Sends a POST request.</doc>
<msg timestamp="20241112 11:55:48.107" level="INFO">POST Request : url=https://hcancelamento-transacao.produto-financeiro.grupoboticario.digital/cancellation 
 path_url=/cancellation 
 headers={'User-Agent': 'python-requests/2.28.1', 'Accept-Encoding': 'gzip, deflate', 'Accept': '*/*', 'Connection': 'keep-alive', 'Content-Length': '489', 'Content-Type': 'application/json'} 
 body=b'{"authorizationCode": "15f1a6d1f6d16", "availableAmount": 1000, "cancellationAmount": 500.53, "e2eId": "", "metadata": [{"key": "customer_id", "value": "123456"}, {"key": "outro_dado", "value": "4fda156f16ds"}], "provider": "BRADESCO", "saleId": "16516", "tid": "b3da3f31-9c0a-4da2-9b19-bc1ce4391f6c", "transactionAmount": 1245.67, "transactionDate": "2024-06-19", "transactionId": "0c0f0ccc-b9e7-4b44-b946-f8f13172b3d7", "transactionStatusId": 2, "transactionType": "PIX", "txId": "1234"}' 
 </msg>
<msg timestamp="20241112 11:55:48.107" level="INFO">POST Response : url=https://hcancelamento-transacao.produto-financeiro.grupoboticario.digital/cancellation 
 status=400, reason= 
 headers={'Date': 'Tue, 12 Nov 2024 14:55:47 GMT', 'Content-Type': 'application/json', 'Transfer-Encoding': 'chunked', 'Connection': 'keep-alive'} 
 body={"status":400,"errors":[{"code":"CT001","message":"e2eId: must not be null or blank"}]} 
 </msg>
<msg timestamp="20241112 11:55:48.108" level="INFO">${RESPONSE} = &lt;Response [400]&gt;</msg>
<status status="PASS" starttime="20241112 11:55:47.344" endtime="20241112 11:55:48.108"/>
</kw>
<kw name="Set Test Variable" library="BuiltIn">
<arg>${RESPONSE}</arg>
<arg>${RESPONSE}</arg>
<doc>Makes a variable available everywhere within the scope of the current test.</doc>
<msg timestamp="20241112 11:55:48.110" level="INFO">${RESPONSE} = &lt;Response [400]&gt;</msg>
<status status="PASS" starttime="20241112 11:55:48.109" endtime="20241112 11:55:48.110"/>
</kw>
<status status="PASS" starttime="20241112 11:55:47.344" endtime="20241112 11:55:48.111"/>
</kw>
<kw name="Então o status code deve ser 400" library="shared_keywords" sourcename="o status code deve ser ${status_code}">
<kw name="Should Be Equal As Integers" library="BuiltIn">
<arg>${RESPONSE.status_code}</arg>
<arg>${status_code}</arg>
<doc>Fails if objects are unequal after converting them to integers.</doc>
<msg timestamp="20241112 11:55:48.117" level="INFO">Argument types are:
&lt;class 'int'&gt;
&lt;class 'str'&gt;</msg>
<status status="PASS" starttime="20241112 11:55:48.114" endtime="20241112 11:55:48.117"/>
</kw>
<status status="PASS" starttime="20241112 11:55:48.113" endtime="20241112 11:55:48.117"/>
</kw>
<tag>cancellation_pix</tag>
<status status="PASS" starttime="20241112 11:55:47.297" endtime="20241112 11:55:48.118"/>
</test>
<test id="s1-t61" name="TC28: Validar Cancelamento Enviando &quot;transactionId&quot; Vazio" line="400">
<kw name="que eu utilize outro body" library="shared_keywords" type="SETUP">
<arg>${BODY_PATH_PIX}</arg>
<kw name="Load Json From File" library="JSONLibrary">
<var>${BODY}</var>
<arg>${BODY_PATH}</arg>
<doc>Load JSON from file.</doc>
<msg timestamp="20241112 11:55:48.127" level="INFO">${BODY} = {'authorizationCode': '15f1a6d1f6d16', 'availableAmount': 1000, 'cancellationAmount': 500.53, 'e2eId': '1234', 'metadata': [{'key': 'customer_id', 'value': '123456'}, {'key': 'outro_dado', 'value': '4...</msg>
<status status="PASS" starttime="20241112 11:55:48.126" endtime="20241112 11:55:48.127"/>
</kw>
<kw name="Set Test Variable" library="BuiltIn">
<arg>${BODY}</arg>
<doc>Makes a variable available everywhere within the scope of the current test.</doc>
<msg timestamp="20241112 11:55:48.128" level="INFO">${BODY} = {'authorizationCode': '15f1a6d1f6d16', 'availableAmount': 1000, 'cancellationAmount': 500.53, 'e2eId': '1234', 'metadata': [{'key': 'customer_id', 'value': '123456'}, {'key': 'outro_dado', 'value': '4...</msg>
<status status="PASS" starttime="20241112 11:55:48.128" endtime="20241112 11:55:48.128"/>
</kw>
<status status="PASS" starttime="20241112 11:55:48.124" endtime="20241112 11:55:48.129"/>
</kw>
<kw name="Dado que altero o valor do campo transactionId do BODY para ${EMPTY}" library="shared_keywords" sourcename="que altero o valor do campo ${field} do ${payload_reference} para ${new_value}">
<if>
<branch type="IF" condition="$payload_reference == &quot;BODY&quot;">
<kw name="Update Value To Json" library="JSONLibrary">
<var>${new_variable}</var>
<arg>${${payload_reference}}</arg>
<arg>${field}</arg>
<arg>${new_value}</arg>
<doc>Update value to JSON using JSONPath</doc>
<msg timestamp="20241112 11:55:48.171" level="INFO">${new_variable} = {'authorizationCode': '15f1a6d1f6d16', 'availableAmount': 1000, 'cancellationAmount': 500.53, 'e2eId': '1234', 'metadata': [{'key': 'customer_id', 'value': '123456'}, {'key': 'outro_dado', 'value': '4...</msg>
<status status="PASS" starttime="20241112 11:55:48.133" endtime="20241112 11:55:48.171"/>
</kw>
<status status="PASS" starttime="20241112 11:55:48.133" endtime="20241112 11:55:48.171"/>
</branch>
<branch type="ELSE IF" condition="$payload_reference == &quot;Path Parameter&quot;">
<kw name="Set Test Variable" library="BuiltIn">
<arg>${payload_reference}</arg>
<arg>${field}</arg>
<doc>Makes a variable available everywhere within the scope of the current test.</doc>
<status status="NOT RUN" starttime="20241112 11:55:48.171" endtime="20241112 11:55:48.171"/>
</kw>
<kw name="Set Test Variable" library="BuiltIn">
<arg>${new_variable}</arg>
<arg>${new_value}</arg>
<doc>Makes a variable available everywhere within the scope of the current test.</doc>
<status status="NOT RUN" starttime="20241112 11:55:48.171" endtime="20241112 11:55:48.171"/>
</kw>
<status status="NOT RUN" starttime="20241112 11:55:48.171" endtime="20241112 11:55:48.172"/>
</branch>
<branch type="ELSE">
<kw name="Set To Dictionary" library="Collections">
<var>${new_variable}</var>
<arg>${${payload_reference}}</arg>
<arg>${field}</arg>
<arg>${new_value}</arg>
<doc>Adds the given ``key_value_pairs`` and ``items`` to the ``dictionary``.</doc>
<status status="NOT RUN" starttime="20241112 11:55:48.172" endtime="20241112 11:55:48.172"/>
</kw>
<status status="NOT RUN" starttime="20241112 11:55:48.172" endtime="20241112 11:55:48.172"/>
</branch>
<status status="PASS" starttime="20241112 11:55:48.132" endtime="20241112 11:55:48.172"/>
</if>
<kw name="Set Test Variable" library="BuiltIn">
<arg>${${payload_reference}}</arg>
<arg>${new_variable}</arg>
<doc>Makes a variable available everywhere within the scope of the current test.</doc>
<msg timestamp="20241112 11:55:48.173" level="INFO">${BODY} = {'authorizationCode': '15f1a6d1f6d16', 'availableAmount': 1000, 'cancellationAmount': 500.53, 'e2eId': '1234', 'metadata': [{'key': 'customer_id', 'value': '123456'}, {'key': 'outro_dado', 'value': '4...</msg>
<status status="PASS" starttime="20241112 11:55:48.172" endtime="20241112 11:55:48.173"/>
</kw>
<status status="PASS" starttime="20241112 11:55:48.130" endtime="20241112 11:55:48.173"/>
</kw>
<kw name="Quando que realizo a requisição do tipo POST para /cancellation" library="cancellation">
<doc>Keyword responsável por realizar a requisição do tipo POST para o endpoint /cancellation</doc>
<kw name="POST" library="RequestsLibrary">
<var>${RESPONSE}</var>
<arg>https://hcancelamento-transacao.produto-financeiro.grupoboticario.digital/cancellation</arg>
<arg>json=${BODY}</arg>
<arg>expected_status=any</arg>
<doc>Sends a POST request.</doc>
<msg timestamp="20241112 11:55:48.940" level="INFO">POST Request : url=https://hcancelamento-transacao.produto-financeiro.grupoboticario.digital/cancellation 
 path_url=/cancellation 
 headers={'User-Agent': 'python-requests/2.28.1', 'Accept-Encoding': 'gzip, deflate', 'Accept': '*/*', 'Connection': 'keep-alive', 'Content-Length': '457', 'Content-Type': 'application/json'} 
 body=b'{"authorizationCode": "15f1a6d1f6d16", "availableAmount": 1000, "cancellationAmount": 500.53, "e2eId": "1234", "metadata": [{"key": "customer_id", "value": "123456"}, {"key": "outro_dado", "value": "4fda156f16ds"}], "provider": "BRADESCO", "saleId": "16516", "tid": "b3da3f31-9c0a-4da2-9b19-bc1ce4391f6c", "transactionAmount": 1245.67, "transactionDate": "2024-06-19", "transactionId": "", "transactionStatusId": 2, "transactionType": "PIX", "txId": "1234"}' 
 </msg>
<msg timestamp="20241112 11:55:48.941" level="INFO">POST Response : url=https://hcancelamento-transacao.produto-financeiro.grupoboticario.digital/cancellation 
 status=400, reason= 
 headers={'Date': 'Tue, 12 Nov 2024 14:55:48 GMT', 'Content-Type': 'application/json', 'Transfer-Encoding': 'chunked', 'Connection': 'keep-alive'} 
 body={"status":400,"errors":[{"code":"CT002","message":"Transaction too old"}]} 
 </msg>
<msg timestamp="20241112 11:55:48.941" level="INFO">${RESPONSE} = &lt;Response [400]&gt;</msg>
<status status="PASS" starttime="20241112 11:55:48.174" endtime="20241112 11:55:48.942"/>
</kw>
<kw name="Set Test Variable" library="BuiltIn">
<arg>${RESPONSE}</arg>
<arg>${RESPONSE}</arg>
<doc>Makes a variable available everywhere within the scope of the current test.</doc>
<msg timestamp="20241112 11:55:48.944" level="INFO">${RESPONSE} = &lt;Response [400]&gt;</msg>
<status status="PASS" starttime="20241112 11:55:48.942" endtime="20241112 11:55:48.944"/>
</kw>
<status status="PASS" starttime="20241112 11:55:48.174" endtime="20241112 11:55:48.945"/>
</kw>
<kw name="Então o status code deve ser 400" library="shared_keywords" sourcename="o status code deve ser ${status_code}">
<kw name="Should Be Equal As Integers" library="BuiltIn">
<arg>${RESPONSE.status_code}</arg>
<arg>${status_code}</arg>
<doc>Fails if objects are unequal after converting them to integers.</doc>
<msg timestamp="20241112 11:55:48.952" level="INFO">Argument types are:
&lt;class 'int'&gt;
&lt;class 'str'&gt;</msg>
<status status="PASS" starttime="20241112 11:55:48.950" endtime="20241112 11:55:48.952"/>
</kw>
<status status="PASS" starttime="20241112 11:55:48.948" endtime="20241112 11:55:48.952"/>
</kw>
<tag>cancellation_pix</tag>
<status status="PASS" starttime="20241112 11:55:48.122" endtime="20241112 11:55:48.953"/>
</test>
<status status="FAIL" starttime="20241112 11:54:51.750" endtime="20241112 11:55:48.958"/>
</suite>
<statistics>
<total>
<stat pass="52" fail="9" skip="0">All Tests</stat>
</total>
<tag>
<stat pass="24" fail="9" skip="0">cancellation_card</stat>
<stat pass="28" fail="0" skip="0">cancellation_pix</stat>
</tag>
<suite>
<stat pass="52" fail="9" skip="0" id="s1" name="Testes Cancell Card">Testes Cancell Card</stat>
</suite>
</statistics>
<errors>
<msg timestamp="20241112 11:54:55.087" level="WARN">Imported library 'C:\Users\user\OneDrive - Prime Control\Área de Trabalho\prodfin-processamento-agenda-testes-e2e-main\resource\utils\config_helper.py' contains no keywords.</msg>
<msg timestamp="20241112 11:55:25.597" level="WARN">Multiple tests with name 'TC1: Validar Cancelamento Enviando "transactionType" Vazio' executed in suite 'Testes Cancell Card'.</msg>
<msg timestamp="20241112 11:55:26.397" level="WARN">Multiple tests with name 'TC2: Validar Cancelamento Enviando "transactionType" Diferente Do Esperado' executed in suite 'Testes Cancell Card'.</msg>
<msg timestamp="20241112 11:55:27.249" level="WARN">Multiple tests with name 'TC3: Validar Cancelamento Enviando "transactionType" Numérico' executed in suite 'Testes Cancell Card'.</msg>
<msg timestamp="20241112 11:55:28.093" level="WARN">Multiple tests with name 'TC4: Validar Cancelamento Enviando "provider" Vazio' executed in suite 'Testes Cancell Card'.</msg>
</errors>
</robot>
